[     118ms] [LOG] [Fast Refresh] rebuilding @ http://localhost:3000/_next/static/chunks/node_modules_next_dist_1ybzpk2._.js:2477
[    1359ms] [LOG] [Fast Refresh] done in 1341ms @ http://localhost:3000/_next/static/chunks/node_modules_next_dist_1ybzpk2._.js:2477
[    2204ms] [INFO] %cDownload the React DevTools for a better development experience: https://react.dev/link/react-devtools font-weight:bold @ http://localhost:3000/_next/static/chunks/node_modules_next_dist_1ybzpk2._.js:2477
[    2216ms] [LOG] [HMR] connected @ http://localhost:3000/_next/static/chunks/node_modules_next_dist_1ybzpk2._.js:2477
[    2425ms] [LOG] [Fast Refresh] rebuilding @ http://localhost:3000/_next/static/chunks/node_modules_next_dist_1ybzpk2._.js:2477
[    2792ms] [LOG] [Fast Refresh] done in 467ms @ http://localhost:3000/_next/static/chunks/node_modules_next_dist_1ybzpk2._.js:2477
[    6950ms] [LOG] [Fast Refresh] rebuilding @ http://localhost:3000/_next/static/chunks/node_modules_next_dist_1ybzpk2._.js:2477
[    8272ms] [LOG] [Fast Refresh] done in 1423ms @ http://localhost:3000/_next/static/chunks/node_modules_next_dist_1ybzpk2._.js:2477
[    9202ms] [LOG] [Fast Refresh] rebuilding @ http://localhost:3000/_next/static/chunks/node_modules_next_dist_1ybzpk2._.js:2477
[    9208ms] [LOG] [Fast Refresh] done in 107ms @ http://localhost:3000/_next/static/chunks/node_modules_next_dist_1ybzpk2._.js:2477
[    9444ms] [LOG] [Fast Refresh] rebuilding @ http://localhost:3000/_next/static/chunks/node_modules_next_dist_1ybzpk2._.js:2477
[    9448ms] [LOG] [Fast Refresh] done in 106ms @ http://localhost:3000/_next/static/chunks/node_modules_next_dist_1ybzpk2._.js:2477
[   10031ms] [LOG] [Fast Refresh] rebuilding @ http://localhost:3000/_next/static/chunks/node_modules_next_dist_1ybzpk2._.js:2477
[   10175ms] [LOG] [Fast Refresh] done in 246ms @ http://localhost:3000/_next/static/chunks/node_modules_next_dist_1ybzpk2._.js:2477
[   10282ms] [LOG] [Fast Refresh] rebuilding @ http://localhost:3000/_next/static/chunks/node_modules_next_dist_1ybzpk2._.js:2477
[   10285ms] [LOG] [Fast Refresh] done in 105ms @ http://localhost:3000/_next/static/chunks/node_modules_next_dist_1ybzpk2._.js:2477
[   10386ms] [LOG] [Fast Refresh] rebuilding @ http://localhost:3000/_next/static/chunks/node_modules_next_dist_1ybzpk2._.js:2477
[   10423ms] [LOG] [Fast Refresh] done in 137ms @ http://localhost:3000/_next/static/chunks/node_modules_next_dist_1ybzpk2._.js:2477
[   10524ms] [LOG] [Fast Refresh] rebuilding @ http://localhost:3000/_next/static/chunks/node_modules_next_dist_1ybzpk2._.js:2477
[   10561ms] [LOG] [Fast Refresh] done in 137ms @ http://localhost:3000/_next/static/chunks/node_modules_next_dist_1ybzpk2._.js:2477
[   10662ms] [LOG] [Fast Refresh] rebuilding @ http://localhost:3000/_next/static/chunks/node_modules_next_dist_1ybzpk2._.js:2477
[   10700ms] [LOG] [Fast Refresh] done in 138ms @ http://localhost:3000/_next/static/chunks/node_modules_next_dist_1ybzpk2._.js:2477
[   10803ms] [LOG] [Fast Refresh] rebuilding @ http://localhost:3000/_next/static/chunks/node_modules_next_dist_1ybzpk2._.js:2477
[   10948ms] [LOG] [Fast Refresh] done in 247ms @ http://localhost:3000/_next/static/chunks/node_modules_next_dist_1ybzpk2._.js:2477
[   18433ms] [LOG] [Fast Refresh] rebuilding @ http://localhost:3000/_next/static/chunks/node_modules_next_dist_1ybzpk2._.js:2477
[   18500ms] [LOG] [Fast Refresh] done in 170ms @ http://localhost:3000/_next/static/chunks/node_modules_next_dist_1ybzpk2._.js:2477
[   67774ms] [LOG] [Fast Refresh] rebuilding @ http://localhost:3000/_next/static/chunks/node_modules_next_dist_1ybzpk2._.js:2477
[   67949ms] [LOG] [Fast Refresh] done in 277ms @ http://localhost:3000/_next/static/chunks/node_modules_next_dist_1ybzpk2._.js:2477
[   91800ms] [LOG] [Fast Refresh] rebuilding @ http://localhost:3000/_next/static/chunks/node_modules_next_dist_1ybzpk2._.js:2477
[   92638ms] [LOG] [Fast Refresh] done in 718ms @ http://localhost:3000/_next/static/chunks/node_modules_next_dist_1ybzpk2._.js:2477
[   93792ms] [LOG] [Fast Refresh] rebuilding @ http://localhost:3000/_next/static/chunks/node_modules_next_dist_1ybzpk2._.js:2477
[   93805ms] [LOG] [Fast Refresh] done in 115ms @ http://localhost:3000/_next/static/chunks/node_modules_next_dist_1ybzpk2._.js:2477
[   94432ms] [LOG] [Fast Refresh] rebuilding @ http://localhost:3000/_next/static/chunks/node_modules_next_dist_1ybzpk2._.js:2477
[   94452ms] [LOG] [Fast Refresh] done in 120ms @ http://localhost:3000/_next/static/chunks/node_modules_next_dist_1ybzpk2._.js:2477
[   94588ms] [LOG] [Fast Refresh] rebuilding @ http://localhost:3000/_next/static/chunks/node_modules_next_dist_1ybzpk2._.js:2477
[   94655ms] [LOG] [Fast Refresh] done in 168ms @ http://localhost:3000/_next/static/chunks/node_modules_next_dist_1ybzpk2._.js:2477
[   94965ms] [LOG] [Fast Refresh] rebuilding @ http://localhost:3000/_next/static/chunks/node_modules_next_dist_1ybzpk2._.js:2477
[   94968ms] [LOG] [Fast Refresh] done in 105ms @ http://localhost:3000/_next/static/chunks/node_modules_next_dist_1ybzpk2._.js:2477
[   95070ms] [LOG] [Fast Refresh] rebuilding @ http://localhost:3000/_next/static/chunks/node_modules_next_dist_1ybzpk2._.js:2477
[   95272ms] [LOG] [Fast Refresh] done in 302ms @ http://localhost:3000/_next/static/chunks/node_modules_next_dist_1ybzpk2._.js:2477
[  119202ms] [LOG] [Fast Refresh] rebuilding @ http://localhost:3000/_next/static/chunks/node_modules_next_dist_1ybzpk2._.js:2477
[  119243ms] [LOG] [Fast Refresh] done in 144ms @ http://localhost:3000/_next/static/chunks/node_modules_next_dist_1ybzpk2._.js:2477
[  224393ms] [LOG] [Fast Refresh] rebuilding @ http://localhost:3000/_next/static/chunks/node_modules_next_dist_1ybzpk2._.js:2477
[  225416ms] [LOG] [Fast Refresh] done in 1101ms @ http://localhost:3000/_next/static/chunks/node_modules_next_dist_1ybzpk2._.js:2477
[  238651ms] [LOG] [Fast Refresh] rebuilding @ http://localhost:3000/_next/static/chunks/node_modules_next_dist_1ybzpk2._.js:2477
[  239189ms] [LOG] [Fast Refresh] done in 638ms @ http://localhost:3000/_next/static/chunks/node_modules_next_dist_1ybzpk2._.js:2477
[  240592ms] [LOG] [Fast Refresh] rebuilding @ http://localhost:3000/_next/static/chunks/node_modules_next_dist_1ybzpk2._.js:2477
[  240611ms] [LOG] [Fast Refresh] done in 122ms @ http://localhost:3000/_next/static/chunks/node_modules_next_dist_1ybzpk2._.js:2477
[  240818ms] [LOG] [Fast Refresh] rebuilding @ http://localhost:3000/_next/static/chunks/node_modules_next_dist_1ybzpk2._.js:2477
[  240997ms] [LOG] [Fast Refresh] done in 280ms @ http://localhost:3000/_next/static/chunks/node_modules_next_dist_1ybzpk2._.js:2477
[  307766ms] [ERROR] WebSocket connection to 'ws://localhost:3000/_next/webpack-hmr?id=pymiBEjH9SZPWduoSG2iC' failed: Error in connection establishment: net::ERR_CONNECTION_REFUSED @ http://localhost:3000/_next/static/chunks/node_modules_next_dist_client_0r5nbpw._.js:13422
[  308769ms] [ERROR] WebSocket connection to 'ws://localhost:3000/_next/webpack-hmr?id=pymiBEjH9SZPWduoSG2iC' failed: Error in connection establishment: net::ERR_CONNECTION_REFUSED @ http://localhost:3000/_next/static/chunks/node_modules_next_dist_client_0r5nbpw._.js:13422
[  309775ms] [ERROR] WebSocket connection to 'ws://localhost:3000/_next/webpack-hmr?id=pymiBEjH9SZPWduoSG2iC' failed: Error in connection establishment: net::ERR_CONNECTION_REFUSED @ http://localhost:3000/_next/static/chunks/node_modules_next_dist_client_0r5nbpw._.js:13422
[  310778ms] [ERROR] WebSocket connection to 'ws://localhost:3000/_next/webpack-hmr?id=pymiBEjH9SZPWduoSG2iC' failed: Error in connection establishment: net::ERR_CONNECTION_REFUSED @ http://localhost:3000/_next/static/chunks/node_modules_next_dist_client_0r5nbpw._.js:13422
[  311782ms] [ERROR] WebSocket connection to 'ws://localhost:3000/_next/webpack-hmr?id=pymiBEjH9SZPWduoSG2iC' failed: Error in connection establishment: net::ERR_CONNECTION_REFUSED @ http://localhost:3000/_next/static/chunks/node_modules_next_dist_client_0r5nbpw._.js:13422
[  336143ms] [LOG] [HMR] connected @ http://localhost:3000/_next/static/chunks/node_modules_next_dist_1ybzpk2._.js:2477
[  346784ms] [INFO] %cDownload the React DevTools for a better development experience: https://react.dev/link/react-devtools font-weight:bold @ http://localhost:3000/_next/static/chunks/node_modules_next_dist_1ybzpk2._.js:2477
[  346921ms] [LOG] [HMR] connected @ http://localhost:3000/_next/static/chunks/node_modules_next_dist_1ybzpk2._.js:2477
[  347311ms] [LOG] [Fast Refresh] rebuilding @ http://localhost:3000/_next/static/chunks/node_modules_next_dist_1ybzpk2._.js:2477
[  347313ms] [LOG] [Fast Refresh] done in 102ms @ http://localhost:3000/_next/static/chunks/node_modules_next_dist_1ybzpk2._.js:2477
[  347978ms] [LOG] [Fast Refresh] rebuilding @ http://localhost:3000/_next/static/chunks/node_modules_next_dist_1ybzpk2._.js:2477
[  350483ms] [LOG] [Fast Refresh] done in 2606ms @ http://localhost:3000/_next/static/chunks/node_modules_next_dist_1ybzpk2._.js:2477
[  350720ms] [LOG] [Fast Refresh] rebuilding @ http://localhost:3000/_next/static/chunks/node_modules_next_dist_1ybzpk2._.js:2477
[  351108ms] [LOG] [Fast Refresh] done in 489ms @ http://localhost:3000/_next/static/chunks/node_modules_next_dist_1ybzpk2._.js:2477
[  354765ms] [LOG] [Fast Refresh] rebuilding @ http://localhost:3000/_next/static/chunks/node_modules_next_dist_1ybzpk2._.js:2477
[  354977ms] [LOG] [Fast Refresh] done in 311ms @ http://localhost:3000/_next/static/chunks/node_modules_next_dist_1ybzpk2._.js:2477
[  363034ms] [LOG] [Fast Refresh] rebuilding @ http://localhost:3000/_next/static/chunks/node_modules_next_dist_1ybzpk2._.js:2477
[  363467ms] [LOG] [Fast Refresh] done in 367ms @ http://localhost:3000/_next/static/chunks/node_modules_next_dist_1ybzpk2._.js:2477
[  384190ms] [LOG] [Fast Refresh] rebuilding @ http://localhost:3000/_next/static/chunks/node_modules_next_dist_1ybzpk2._.js:2477
[  384914ms] [LOG] [Fast Refresh] done in 325ms @ http://localhost:3000/_next/static/chunks/node_modules_next_dist_1ybzpk2._.js:2477
[  416039ms] [LOG] [Fast Refresh] rebuilding @ http://localhost:3000/_next/static/chunks/node_modules_next_dist_1ybzpk2._.js:2477
[  416248ms] [LOG] [Fast Refresh] done in 182ms @ http://localhost:3000/_next/static/chunks/node_modules_next_dist_1ybzpk2._.js:2477
[  426842ms] [LOG] [Fast Refresh] rebuilding @ http://localhost:3000/_next/static/chunks/node_modules_next_dist_1ybzpk2._.js:2477
[  426973ms] [LOG] [Fast Refresh] done in 234ms @ http://localhost:3000/_next/static/chunks/node_modules_next_dist_1ybzpk2._.js:2477
[  433754ms] [LOG] [Fast Refresh] rebuilding @ http://localhost:3000/_next/static/chunks/node_modules_next_dist_1ybzpk2._.js:2477
[  434459ms] [LOG] [Fast Refresh] done in 315ms @ http://localhost:3000/_next/static/chunks/node_modules_next_dist_1ybzpk2._.js:2477
[  440354ms] [LOG] [Fast Refresh] rebuilding @ http://localhost:3000/_next/static/chunks/node_modules_next_dist_1ybzpk2._.js:2477
[  440471ms] [LOG] [Fast Refresh] done in 220ms @ http://localhost:3000/_next/static/chunks/node_modules_next_dist_1ybzpk2._.js:2477
[  452070ms] [LOG] [Fast Refresh] rebuilding @ http://localhost:3000/_next/static/chunks/node_modules_next_dist_1ybzpk2._.js:2477
[  452122ms] [LOG] [Fast Refresh] done in 155ms @ http://localhost:3000/_next/static/chunks/node_modules_next_dist_1ybzpk2._.js:2477
[  452280ms] [LOG] [Fast Refresh] rebuilding @ http://localhost:3000/_next/static/chunks/node_modules_next_dist_1ybzpk2._.js:2477
[  452998ms] [LOG] [Fast Refresh] done in 819ms @ http://localhost:3000/_next/static/chunks/node_modules_next_dist_1ybzpk2._.js:2477
[  465295ms] [LOG] [Fast Refresh] rebuilding @ http://localhost:3000/_next/static/chunks/node_modules_next_dist_1ybzpk2._.js:2477
[  466033ms] [LOG] [Fast Refresh] done in 315ms @ http://localhost:3000/_next/static/chunks/node_modules_next_dist_1ybzpk2._.js:2477
[  467541ms] [LOG] [Fast Refresh] rebuilding @ http://localhost:3000/_next/static/chunks/node_modules_next_dist_1ybzpk2._.js:2477
[  467668ms] [LOG] [Fast Refresh] done in 227ms @ http://localhost:3000/_next/static/chunks/node_modules_next_dist_1ybzpk2._.js:2477
[  467875ms] [LOG] [Fast Refresh] rebuilding @ http://localhost:3000/_next/static/chunks/node_modules_next_dist_1ybzpk2._.js:2477
[  468053ms] [LOG] [Fast Refresh] done in 280ms @ http://localhost:3000/_next/static/chunks/node_modules_next_dist_1ybzpk2._.js:2477
[  470127ms] [LOG] [Fast Refresh] rebuilding @ http://localhost:3000/_next/static/chunks/node_modules_next_dist_1ybzpk2._.js:2477
[  470142ms] [LOG] [Fast Refresh] done in 117ms @ http://localhost:3000/_next/static/chunks/node_modules_next_dist_1ybzpk2._.js:2477
[  479137ms] [LOG] [Fast Refresh] rebuilding @ http://localhost:3000/_next/static/chunks/node_modules_next_dist_1ybzpk2._.js:2477
[  479973ms] [LOG] [Fast Refresh] done in 923ms @ http://localhost:3000/_next/static/chunks/node_modules_next_dist_1ybzpk2._.js:2477
[  480100ms] [LOG] [Fast Refresh] rebuilding @ http://localhost:3000/_next/static/chunks/node_modules_next_dist_1ybzpk2._.js:2477
[  480387ms] [LOG] [Fast Refresh] done in 388ms @ http://localhost:3000/_next/static/chunks/node_modules_next_dist_1ybzpk2._.js:2477
[  481141ms] [LOG] [Fast Refresh] rebuilding @ http://localhost:3000/_next/static/chunks/node_modules_next_dist_1ybzpk2._.js:2477
[  481147ms] [LOG] [Fast Refresh] done in 106ms @ http://localhost:3000/_next/static/chunks/node_modules_next_dist_1ybzpk2._.js:2477
[  481528ms] [LOG] [Fast Refresh] rebuilding @ http://localhost:3000/_next/static/chunks/node_modules_next_dist_1ybzpk2._.js:2477
[  481611ms] [LOG] [Fast Refresh] done in 184ms @ http://localhost:3000/_next/static/chunks/node_modules_next_dist_1ybzpk2._.js:2477
[  482528ms] [LOG] [Fast Refresh] rebuilding @ http://localhost:3000/_next/static/chunks/node_modules_next_dist_1ybzpk2._.js:2477
[  482777ms] [LOG] [Fast Refresh] done in 349ms @ http://localhost:3000/_next/static/chunks/node_modules_next_dist_1ybzpk2._.js:2477
[  491982ms] [LOG] [Fast Refresh] rebuilding @ http://localhost:3000/_next/static/chunks/node_modules_next_dist_1ybzpk2._.js:2477
[  492131ms] [LOG] [Fast Refresh] done in 222ms @ http://localhost:3000/_next/static/chunks/node_modules_next_dist_1ybzpk2._.js:2477
[ 1626835ms] [ERROR] WebSocket connection to 'ws://localhost:3000/_next/webpack-hmr?id=BVns_LbCfBrILrewtPpxs' failed: Error in connection establishment: net::ERR_CONNECTION_REFUSED @ http://localhost:3000/_next/static/chunks/node_modules_next_dist_client_0r5nbpw._.js:13422
[ 1627837ms] [ERROR] WebSocket connection to 'ws://localhost:3000/_next/webpack-hmr?id=BVns_LbCfBrILrewtPpxs' failed: Error in connection establishment: net::ERR_CONNECTION_REFUSED @ http://localhost:3000/_next/static/chunks/node_modules_next_dist_client_0r5nbpw._.js:13422
[ 1628840ms] [ERROR] WebSocket connection to 'ws://localhost:3000/_next/webpack-hmr?id=BVns_LbCfBrILrewtPpxs' failed: Error in connection establishment: net::ERR_CONNECTION_REFUSED @ http://localhost:3000/_next/static/chunks/node_modules_next_dist_client_0r5nbpw._.js:13422
[ 1629847ms] [ERROR] WebSocket connection to 'ws://localhost:3000/_next/webpack-hmr?id=BVns_LbCfBrILrewtPpxs' failed: Error in connection establishment: net::ERR_CONNECTION_REFUSED @ http://localhost:3000/_next/static/chunks/node_modules_next_dist_client_0r5nbpw._.js:13422
[ 1630851ms] [ERROR] WebSocket connection to 'ws://localhost:3000/_next/webpack-hmr?id=BVns_LbCfBrILrewtPpxs' failed: Error in connection establishment: net::ERR_CONNECTION_REFUSED @ http://localhost:3000/_next/static/chunks/node_modules_next_dist_client_0r5nbpw._.js:13422
[ 1643524ms] [LOG] [HMR] connected @ http://localhost:3000/_next/static/chunks/node_modules_next_dist_1ybzpk2._.js:2477
[ 1647473ms] [INFO] %cDownload the React DevTools for a better development experience: https://react.dev/link/react-devtools font-weight:bold @ http://localhost:3000/_next/static/chunks/node_modules_next_dist_1ybzpk2._.js:2477
[ 1647662ms] [LOG] [HMR] connected @ http://localhost:3000/_next/static/chunks/node_modules_next_dist_1ybzpk2._.js:2477
[ 1647793ms] [LOG] [Fast Refresh] rebuilding @ http://localhost:3000/_next/static/chunks/node_modules_next_dist_1ybzpk2._.js:2477
[ 1648628ms] [LOG] [Fast Refresh] done in 936ms @ http://localhost:3000/_next/static/chunks/node_modules_next_dist_1ybzpk2._.js:2477
[ 1650434ms] [LOG] [Fast Refresh] rebuilding @ http://localhost:3000/_next/static/chunks/node_modules_next_dist_1ybzpk2._.js:2477
[ 1650526ms] [LOG] [Fast Refresh] done in 194ms @ http://localhost:3000/_next/static/chunks/node_modules_next_dist_1ybzpk2._.js:2477
[ 1650699ms] [LOG] [Fast Refresh] rebuilding @ http://localhost:3000/_next/static/chunks/node_modules_next_dist_1ybzpk2._.js:2477
[ 1650748ms] [LOG] [Fast Refresh] done in 150ms @ http://localhost:3000/_next/static/chunks/node_modules_next_dist_1ybzpk2._.js:2477
[ 1693233ms] [LOG] [Fast Refresh] rebuilding @ http://localhost:3000/_next/static/chunks/node_modules_next_dist_1ybzpk2._.js:2477
[ 1693377ms] [LOG] [Fast Refresh] done in 246ms @ http://localhost:3000/_next/static/chunks/node_modules_next_dist_1ybzpk2._.js:2477
[ 1815097ms] [LOG] [Fast Refresh] rebuilding @ http://localhost:3000/_next/static/chunks/node_modules_next_dist_1ybzpk2._.js:2477
[ 1815232ms] [LOG] [Fast Refresh] done in 237ms @ http://localhost:3000/_next/static/chunks/node_modules_next_dist_1ybzpk2._.js:2477
[ 1954583ms] [LOG] [Fast Refresh] rebuilding @ http://localhost:3000/_next/static/chunks/node_modules_next_dist_1ybzpk2._.js:2477
[ 1960067ms] [LOG] [Fast Refresh] done in 5586ms @ http://localhost:3000/_next/static/chunks/node_modules_next_dist_1ybzpk2._.js:2477
[ 2007941ms] [LOG] [Fast Refresh] rebuilding @ http://localhost:3000/_next/static/chunks/node_modules_next_dist_1ybzpk2._.js:2477
[ 2007971ms] [LOG] [Fast Refresh] done in 132ms @ http://localhost:3000/_next/static/chunks/node_modules_next_dist_1ybzpk2._.js:2477
[ 2025949ms] [LOG] [Fast Refresh] rebuilding @ http://localhost:3000/_next/static/chunks/node_modules_next_dist_1ybzpk2._.js:2477
[ 2026008ms] [LOG] [Fast Refresh] done in 160ms @ http://localhost:3000/_next/static/chunks/node_modules_next_dist_1ybzpk2._.js:2477
[ 2049045ms] [LOG] [Fast Refresh] rebuilding @ http://localhost:3000/_next/static/chunks/node_modules_next_dist_1ybzpk2._.js:2477
[ 2050350ms] [LOG] [Fast Refresh] done in 1406ms @ http://localhost:3000/_next/static/chunks/node_modules_next_dist_1ybzpk2._.js:2477
[ 2070034ms] [LOG] [Fast Refresh] rebuilding @ http://localhost:3000/_next/static/chunks/node_modules_next_dist_1ybzpk2._.js:2477
[ 2070093ms] [LOG] [Fast Refresh] done in 162ms @ http://localhost:3000/_next/static/chunks/node_modules_next_dist_1ybzpk2._.js:2477
[ 2096452ms] [LOG] [Fast Refresh] rebuilding @ http://localhost:3000/_next/static/chunks/node_modules_next_dist_1ybzpk2._.js:2477
[ 2098259ms] [ERROR] ./app/work/hexsolve/prototype/screens/assembly.tsx:1045:1
Unexpected token. Did you mean `{'}'}` or `&rbrace;`?
  1043 |     </AppShell>
  1044 |   );
> 1045 | }
       | ^
  1046 |

Parsing ecmascript source code failed

Import traces:
  Client Component Browser:
    ./app/work/hexsolve/prototype/screens/assembly.tsx [Client Component Browser]
    ./app/work/hexsolve/page.tsx [Client Component Browser]
    ./app/work/hexsolve/page.tsx [Server Component]

  Client Component SSR:
    ./app/work/hexsolve/prototype/screens/assembly.tsx [Client Component SSR]
    ./app/work/hexsolve/page.tsx [Client Component SSR]
    ./app/work/hexsolve/page.tsx [Server Component] @ http://localhost:3000/_next/static/chunks/node_modules_next_dist_1ybzpk2._.js:3318
[ 2098818ms] [LOG] [Fast Refresh] rebuilding @ http://localhost:3000/_next/static/chunks/node_modules_next_dist_1ybzpk2._.js:2477
[ 2100674ms] [ERROR] ./app/work/hexsolve/prototype/screens/assembly.tsx:1045:1
Unexpected token. Did you mean `{'}'}` or `&rbrace;`?
  1043 |     </AppShell>
  1044 |   );
> 1045 | }
       | ^
  1046 |

Parsing ecmascript source code failed

Import traces:
  Client Component Browser:
    ./app/work/hexsolve/prototype/screens/assembly.tsx [Client Component Browser]
    ./app/work/hexsolve/page.tsx [Client Component Browser]
    ./app/work/hexsolve/page.tsx [Server Component]

  Client Component SSR:
    ./app/work/hexsolve/prototype/screens/assembly.tsx [Client Component SSR]
    ./app/work/hexsolve/page.tsx [Client Component SSR]
    ./app/work/hexsolve/page.tsx [Server Component] @ http://localhost:3000/_next/static/chunks/node_modules_next_dist_1ybzpk2._.js:3318
[ 2100901ms] [LOG] [Fast Refresh] rebuilding @ http://localhost:3000/_next/static/chunks/node_modules_next_dist_1ybzpk2._.js:2477
[ 2103264ms] [ERROR] ./app/work/hexsolve/prototype/screens/assembly.tsx:1045:1
Unexpected token. Did you mean `{'}'}` or `&rbrace;`?
  1043 |     </AppShell>
  1044 |   );
> 1045 | }
       | ^
  1046 |

Parsing ecmascript source code failed

Import traces:
  Client Component Browser:
    ./app/work/hexsolve/prototype/screens/assembly.tsx [Client Component Browser]
    ./app/work/hexsolve/page.tsx [Client Component Browser]
    ./app/work/hexsolve/page.tsx [Server Component]

  Client Component SSR:
    ./app/work/hexsolve/prototype/screens/assembly.tsx [Client Component SSR]
    ./app/work/hexsolve/page.tsx [Client Component SSR]
    ./app/work/hexsolve/page.tsx [Server Component] @ http://localhost:3000/_next/static/chunks/node_modules_next_dist_1ybzpk2._.js:3318
[ 2103268ms] [ERROR] Failed to load resource: the server responded with a status of 500 (Internal Server Error) @ http://localhost:3000/work/holmesworld/bom?_rsc=sDrpLMc7Ob0ZW1W-:0
[ 2103338ms] [ERROR] Failed to load resource: the server responded with a status of 500 (Internal Server Error) @ http://localhost:3000/work/holmesworld/bom?_rsc=sDrpLMc7Ob0ZW1W-:0
[ 2103389ms] [ERROR] ./app/work/hexsolve/prototype/screens/assembly.tsx:1045:1
Unexpected token. Did you mean `{'}'}` or `&rbrace;`?
  1043 |     </AppShell>
  1044 |   );
> 1045 | }
       | ^
  1046 |

Parsing ecmascript source code failed

Import traces:
  Client Component Browser:
    ./app/work/hexsolve/prototype/screens/assembly.tsx [Client Component Browser]
    ./app/work/hexsolve/page.tsx [Client Component Browser]
    ./app/work/hexsolve/page.tsx [Server Component]

  Client Component SSR:
    ./app/work/hexsolve/prototype/screens/assembly.tsx [Client Component SSR]
    ./app/work/hexsolve/page.tsx [Client Component SSR]
    ./app/work/hexsolve/page.tsx [Server Component] @ http://localhost:3000/_next/static/chunks/node_modules_next_dist_1ybzpk2._.js:3318
[ 2103390ms] [LOG] [Fast Refresh] rebuilding @ http://localhost:3000/_next/static/chunks/node_modules_next_dist_1ybzpk2._.js:2477
[ 2103457ms] [ERROR] Failed to load resource: the server responded with a status of 500 (Internal Server Error) @ http://localhost:3000/work/holmesworld/bom?_rsc=sDrpLMc7Ob0ZW1W-:0
[ 2103461ms] [ERROR] ./app/work/hexsolve/prototype/screens/assembly.tsx:1045:1
Unexpected token. Did you mean `{'}'}` or `&rbrace;`?
  1043 |     </AppShell>
  1044 |   );
> 1045 | }
       | ^
  1046 |

Parsing ecmascript source code failed

Import traces:
  Client Component Browser:
    ./app/work/hexsolve/prototype/screens/assembly.tsx [Client Component Browser]
    ./app/work/hexsolve/page.tsx [Client Component Browser]
    ./app/work/hexsolve/page.tsx [Server Component]

  Client Component SSR:
    ./app/work/hexsolve/prototype/screens/assembly.tsx [Client Component SSR]
    ./app/work/hexsolve/page.tsx [Client Component SSR]
    ./app/work/hexsolve/page.tsx [Server Component] @ http://localhost:3000/_next/static/chunks/node_modules_next_dist_1ybzpk2._.js:3318
[ 2103550ms] [ERROR] ./app/work/hexsolve/prototype/screens/assembly.tsx:1045:1
Unexpected token. Did you mean `{'}'}` or `&rbrace;`?
  1043 |     </AppShell>
  1044 |   );
> 1045 | }
       | ^
  1046 |

Parsing ecmascript source code failed

Import traces:
  Client Component Browser:
    ./app/work/hexsolve/prototype/screens/assembly.tsx [Client Component Browser]
    ./app/work/hexsolve/page.tsx [Client Component Browser]
    ./app/work/hexsolve/page.tsx [Server Component]

  Client Component SSR:
    ./app/work/hexsolve/prototype/screens/assembly.tsx [Client Component SSR]
    ./app/work/hexsolve/page.tsx [Client Component SSR]
    ./app/work/hexsolve/page.tsx [Server Component] @ http://localhost:3000/_next/static/chunks/node_modules_next_dist_1ybzpk2._.js:3318
[ 2103564ms] [LOG] [Fast Refresh] rebuilding @ http://localhost:3000/_next/static/chunks/node_modules_next_dist_1ybzpk2._.js:2477
[ 2103630ms] [ERROR] Failed to load resource: the server responded with a status of 500 (Internal Server Error) @ http://localhost:3000/work/holmesworld/bom:0
[ 2104814ms] [INFO] %cDownload the React DevTools for a better development experience: https://react.dev/link/react-devtools font-weight:bold @ http://localhost:3000/_next/static/chunks/node_modules_react-dom_0kla17-._.js:15305
[ 2104917ms] Error: ./app/work/hexsolve/prototype/screens/assembly.tsx:1045:1
Unexpected token. Did you mean `{'}'}` or `&rbrace;`?
  1043 |     </AppShell>
  1044 |   );
> 1045 | }
       | ^
  1046 |

Parsing ecmascript source code failed

Import traces:
  Client Component Browser:
    ./app/work/hexsolve/prototype/screens/assembly.tsx [Client Component Browser]
    ./app/work/hexsolve/page.tsx [Client Component Browser]
    ./app/work/hexsolve/page.tsx [Server Component]

  Client Component SSR:
    ./app/work/hexsolve/prototype/screens/assembly.tsx [Client Component SSR]
    ./app/work/hexsolve/page.tsx [Client Component SSR]
    ./app/work/hexsolve/page.tsx [Server Component]


    at <unknown> (Error: ./app/work/hexsolve/prototype/screens/assembly.tsx:1045:1)
    at Object.getCompilationErrors (file:///Users/I752155/Documents/Port/node_modules/next/dist/server/dev/hot-reloader-turbopack.js:1186:59)
    at DevBundlerService.getCompilationError (file:///Users/I752155/Documents/Port/node_modules/next/dist/server/lib/dev-bundler-service.js:44:55)
    at DevServer.getCompilationError (file:///Users/I752155/Documents/Port/node_modules/next/dist/server/dev/next-dev-server.js:720:42)
    at DevServer.findPageComponents (file:///Users/I752155/Documents/Port/node_modules/next/dist/server/dev/next-dev-server.js:690:43)
    at async DevServer.renderErrorToResponseImpl (file:///Users/I752155/Documents/Port/node_modules/next/dist/server/base-server.js:1753:26)
[ 2104916ms] [LOG] [HMR] connected @ http://localhost:3000/_next/static/chunks/node_modules_next_dist_1gdrd03._.js:1226
[ 2104970ms] [ERROR] ./app/work/hexsolve/prototype/screens/assembly.tsx:1045:1
Unexpected token. Did you mean `{'}'}` or `&rbrace;`?
  1043 |     </AppShell>
  1044 |   );
> 1045 | }
       | ^
  1046 |

Parsing ecmascript source code failed

Import traces:
  Client Component Browser:
    ./app/work/hexsolve/prototype/screens/assembly.tsx [Client Component Browser]
    ./app/work/hexsolve/page.tsx [Client Component Browser]
    ./app/work/hexsolve/page.tsx [Server Component]

  Client Component SSR:
    ./app/work/hexsolve/prototype/screens/assembly.tsx [Client Component SSR]
    ./app/work/hexsolve/page.tsx [Client Component SSR]
    ./app/work/hexsolve/page.tsx [Server Component] @ http://localhost:3000/_next/static/chunks/node_modules_next_dist_1gdrd03._.js:1945
[ 2105052ms] [ERROR] ./app/work/hexsolve/prototype/screens/assembly.tsx:1045:1
Unexpected token. Did you mean `{'}'}` or `&rbrace;`?
  1043 |     </AppShell>
  1044 |   );
> 1045 | }
       | ^
  1046 |

Parsing ecmascript source code failed

Import traces:
  Client Component Browser:
    ./app/work/hexsolve/prototype/screens/assembly.tsx [Client Component Browser]
    ./app/work/hexsolve/page.tsx [Client Component Browser]
    ./app/work/hexsolve/page.tsx [Server Component]

  Client Component SSR:
    ./app/work/hexsolve/prototype/screens/assembly.tsx [Client Component SSR]
    ./app/work/hexsolve/page.tsx [Client Component SSR]
    ./app/work/hexsolve/page.tsx [Server Component] @ http://localhost:3000/_next/static/chunks/node_modules_next_dist_1gdrd03._.js:1945
[ 2105052ms] [ERROR] ./app/work/hexsolve/prototype/screens/assembly.tsx:1045:1
Unexpected token. Did you mean `{'}'}` or `&rbrace;`?
  1043 |     </AppShell>
  1044 |   );
> 1045 | }
       | ^
  1046 |

Parsing ecmascript source code failed

Import traces:
  Client Component Browser:
    ./app/work/hexsolve/prototype/screens/assembly.tsx [Client Component Browser]
    ./app/work/hexsolve/prototype/prototype.tsx [Client Component Browser]
    ./app/work/hexsolve/prototype/entry.tsx [Client Component Browser]
    ./app/work/hexsolve/prototype/entry.tsx [Server Component]
    ./app/work/hexsolve/prototype/page.tsx [Server Component]

  Client Component SSR:
    ./app/work/hexsolve/prototype/screens/assembly.tsx [Client Component SSR]
    ./app/work/hexsolve/prototype/prototype.tsx [Client Component SSR]
    ./app/work/hexsolve/prototype/entry.tsx [Client Component SSR]
    ./app/work/hexsolve/prototype/entry.tsx [Server Component]
    ./app/work/hexsolve/prototype/page.tsx [Server Component] @ http://localhost:3000/_next/static/chunks/node_modules_next_dist_1gdrd03._.js:1945
[ 2105070ms] [LOG] [Fast Refresh] rebuilding @ http://localhost:3000/_next/static/chunks/node_modules_next_dist_1gdrd03._.js:1226
[ 2105131ms] [ERROR] ./app/work/hexsolve/prototype/screens/assembly.tsx:1045:1
Unexpected token. Did you mean `{'}'}` or `&rbrace;`?
  1043 |     </AppShell>
  1044 |   );
> 1045 | }
       | ^
  1046 |

Parsing ecmascript source code failed

Import traces:
  Client Component Browser:
    ./app/work/hexsolve/prototype/screens/assembly.tsx [Client Component Browser]
    ./app/work/hexsolve/page.tsx [Client Component Browser]
    ./app/work/hexsolve/page.tsx [Server Component]

  Client Component SSR:
    ./app/work/hexsolve/prototype/screens/assembly.tsx [Client Component SSR]
    ./app/work/hexsolve/page.tsx [Client Component SSR]
    ./app/work/hexsolve/page.tsx [Server Component] @ http://localhost:3000/_next/static/chunks/node_modules_next_dist_1gdrd03._.js:1945
[ 2105367ms] [ERROR] ./app/work/hexsolve/prototype/screens/assembly.tsx:1045:1
Unexpected token. Did you mean `{'}'}` or `&rbrace;`?
  1043 |     </AppShell>
  1044 |   );
> 1045 | }
       | ^
  1046 |

Parsing ecmascript source code failed

Import traces:
  Client Component Browser:
    ./app/work/hexsolve/prototype/screens/assembly.tsx [Client Component Browser]
    ./app/work/hexsolve/page.tsx [Client Component Browser]
    ./app/work/hexsolve/page.tsx [Server Component]

  Client Component SSR:
    ./app/work/hexsolve/prototype/screens/assembly.tsx [Client Component SSR]
    ./app/work/hexsolve/page.tsx [Client Component SSR]
    ./app/work/hexsolve/page.tsx [Server Component] @ http://localhost:3000/_next/static/chunks/node_modules_next_dist_1gdrd03._.js:1945
[ 2105419ms] [LOG] [Fast Refresh] rebuilding @ http://localhost:3000/_next/static/chunks/node_modules_next_dist_1gdrd03._.js:1226
[ 2105930ms] [ERROR] ./app/work/hexsolve/prototype/screens/assembly.tsx:1045:1
Unexpected token. Did you mean `{'}'}` or `&rbrace;`?
  1043 |     </AppShell>
  1044 |   );
> 1045 | }
       | ^
  1046 |

Parsing ecmascript source code failed

Import traces:
  Client Component Browser:
    ./app/work/hexsolve/prototype/screens/assembly.tsx [Client Component Browser]
    ./app/work/hexsolve/page.tsx [Client Component Browser]
    ./app/work/hexsolve/page.tsx [Server Component]

  Client Component SSR:
    ./app/work/hexsolve/prototype/screens/assembly.tsx [Client Component SSR]
    ./app/work/hexsolve/page.tsx [Client Component SSR]
    ./app/work/hexsolve/page.tsx [Server Component] @ http://localhost:3000/_next/static/chunks/node_modules_next_dist_1gdrd03._.js:1945
[ 2105934ms] [LOG] [Fast Refresh] rebuilding @ http://localhost:3000/_next/static/chunks/node_modules_next_dist_1gdrd03._.js:1226
[ 2105990ms] [ERROR] ./app/work/hexsolve/prototype/screens/assembly.tsx:1045:1
Unexpected token. Did you mean `{'}'}` or `&rbrace;`?
  1043 |     </AppShell>
  1044 |   );
> 1045 | }
       | ^
  1046 |

Parsing ecmascript source code failed

Import traces:
  Client Component Browser:
    ./app/work/hexsolve/prototype/screens/assembly.tsx [Client Component Browser]
    ./app/work/hexsolve/page.tsx [Client Component Browser]
    ./app/work/hexsolve/page.tsx [Server Component]

  Client Component SSR:
    ./app/work/hexsolve/prototype/screens/assembly.tsx [Client Component SSR]
    ./app/work/hexsolve/page.tsx [Client Component SSR]
    ./app/work/hexsolve/page.tsx [Server Component] @ http://localhost:3000/_next/static/chunks/node_modules_next_dist_1gdrd03._.js:1945
[ 2106054ms] [LOG] [Fast Refresh] rebuilding @ http://localhost:3000/_next/static/chunks/node_modules_next_dist_1gdrd03._.js:1226
[ 2106365ms] [ERROR] ./app/work/hexsolve/prototype/screens/assembly.tsx:1045:1
Unexpected token. Did you mean `{'}'}` or `&rbrace;`?
  1043 |     </AppShell>
  1044 |   );
> 1045 | }
       | ^
  1046 |

Parsing ecmascript source code failed

Import traces:
  Client Component Browser:
    ./app/work/hexsolve/prototype/screens/assembly.tsx [Client Component Browser]
    ./app/work/hexsolve/page.tsx [Client Component Browser]
    ./app/work/hexsolve/page.tsx [Server Component]

  Client Component SSR:
    ./app/work/hexsolve/prototype/screens/assembly.tsx [Client Component SSR]
    ./app/work/hexsolve/page.tsx [Client Component SSR]
    ./app/work/hexsolve/page.tsx [Server Component] @ http://localhost:3000/_next/static/chunks/node_modules_next_dist_1gdrd03._.js:1945
[ 2106429ms] [ERROR] ./app/work/hexsolve/prototype/screens/assembly.tsx:1045:1
Unexpected token. Did you mean `{'}'}` or `&rbrace;`?
  1043 |     </AppShell>
  1044 |   );
> 1045 | }
       | ^
  1046 |

Parsing ecmascript source code failed

Import traces:
  Client Component Browser:
    ./app/work/hexsolve/prototype/screens/assembly.tsx [Client Component Browser]
    ./app/work/hexsolve/page.tsx [Client Component Browser]
    ./app/work/hexsolve/page.tsx [Server Component]

  Client Component SSR:
    ./app/work/hexsolve/prototype/screens/assembly.tsx [Client Component SSR]
    ./app/work/hexsolve/page.tsx [Client Component SSR]
    ./app/work/hexsolve/page.tsx [Server Component] @ http://localhost:3000/_next/static/chunks/node_modules_next_dist_1gdrd03._.js:1945
[ 2106462ms] [ERROR] ./app/work/hexsolve/prototype/screens/assembly.tsx:1045:1
Unexpected token. Did you mean `{'}'}` or `&rbrace;`?
  1043 |     </AppShell>
  1044 |   );
> 1045 | }
       | ^
  1046 |

Parsing ecmascript source code failed

Import traces:
  Client Component Browser:
    ./app/work/hexsolve/prototype/screens/assembly.tsx [Client Component Browser]
    ./app/work/hexsolve/page.tsx [Client Component Browser]
    ./app/work/hexsolve/page.tsx [Server Component]

  Client Component SSR:
    ./app/work/hexsolve/prototype/screens/assembly.tsx [Client Component SSR]
    ./app/work/hexsolve/page.tsx [Client Component SSR]
    ./app/work/hexsolve/page.tsx [Server Component] @ http://localhost:3000/_next/static/chunks/node_modules_next_dist_1gdrd03._.js:1945
[ 2106581ms] [LOG] [Fast Refresh] rebuilding @ http://localhost:3000/_next/static/chunks/node_modules_next_dist_1gdrd03._.js:1226
[ 2106617ms] [ERROR] ./app/work/hexsolve/prototype/screens/assembly.tsx:1045:1
Unexpected token. Did you mean `{'}'}` or `&rbrace;`?
  1043 |     </AppShell>
  1044 |   );
> 1045 | }
       | ^
  1046 |

Parsing ecmascript source code failed

Import traces:
  Client Component Browser:
    ./app/work/hexsolve/prototype/screens/assembly.tsx [Client Component Browser]
    ./app/work/hexsolve/page.tsx [Client Component Browser]
    ./app/work/hexsolve/page.tsx [Server Component]

  Client Component SSR:
    ./app/work/hexsolve/prototype/screens/assembly.tsx [Client Component SSR]
    ./app/work/hexsolve/page.tsx [Client Component SSR]
    ./app/work/hexsolve/page.tsx [Server Component] @ http://localhost:3000/_next/static/chunks/node_modules_next_dist_1gdrd03._.js:1945
[ 2133344ms] [LOG] [Fast Refresh] rebuilding @ http://localhost:3000/_next/static/chunks/node_modules_next_dist_1gdrd03._.js:1226
[ 2135681ms] [LOG] [Fast Refresh] done in 512ms @ http://localhost:3000/_next/static/chunks/node_modules_next_dist_1gdrd03._.js:1226
[ 2136816ms] [LOG] [Fast Refresh] rebuilding @ http://localhost:3000/_next/static/chunks/node_modules_next_dist_1gdrd03._.js:1226
[ 2136972ms] [LOG] [Fast Refresh] done in 258ms @ http://localhost:3000/_next/static/chunks/node_modules_next_dist_1gdrd03._.js:1226
[ 2138535ms] [INFO] %cDownload the React DevTools for a better development experience: https://react.dev/link/react-devtools font-weight:bold @ http://localhost:3000/_next/static/chunks/node_modules_next_dist_1ybzpk2._.js:2477
[ 2138710ms] [LOG] [HMR] connected @ http://localhost:3000/_next/static/chunks/node_modules_next_dist_1ybzpk2._.js:2477
[ 2142567ms] [LOG] [Fast Refresh] rebuilding @ http://localhost:3000/_next/static/chunks/node_modules_next_dist_1ybzpk2._.js:2477
[ 2142568ms] [LOG] [Fast Refresh] done in 103ms @ http://localhost:3000/_next/static/chunks/node_modules_next_dist_1ybzpk2._.js:2477
[ 2151660ms] [LOG] [Fast Refresh] rebuilding @ http://localhost:3000/_next/static/chunks/node_modules_next_dist_1ybzpk2._.js:2477
[ 2151991ms] [LOG] [Fast Refresh] done in 411ms @ http://localhost:3000/_next/static/chunks/node_modules_next_dist_1ybzpk2._.js:2477
[ 2254921ms] [LOG] [Fast Refresh] rebuilding @ http://localhost:3000/_next/static/chunks/node_modules_next_dist_1ybzpk2._.js:2477
[ 2255084ms] [LOG] [Fast Refresh] done in 266ms @ http://localhost:3000/_next/static/chunks/node_modules_next_dist_1ybzpk2._.js:2477
[ 2367572ms] [LOG] [Fast Refresh] rebuilding @ http://localhost:3000/_next/static/chunks/node_modules_next_dist_1ybzpk2._.js:2477
[ 2369558ms] [LOG] [Fast Refresh] done in 1342ms @ http://localhost:3000/_next/static/chunks/node_modules_next_dist_1ybzpk2._.js:2477
[ 2370489ms] [LOG] [Fast Refresh] rebuilding @ http://localhost:3000/_next/static/chunks/node_modules_next_dist_1ybzpk2._.js:2477
[ 2370628ms] [LOG] [Fast Refresh] done in 239ms @ http://localhost:3000/_next/static/chunks/node_modules_next_dist_1ybzpk2._.js:2477
[ 2371156ms] [LOG] [Fast Refresh] rebuilding @ http://localhost:3000/_next/static/chunks/node_modules_next_dist_1ybzpk2._.js:2477
[ 2371199ms] [LOG] [Fast Refresh] done in 146ms @ http://localhost:3000/_next/static/chunks/node_modules_next_dist_1ybzpk2._.js:2477
[ 2371961ms] [LOG] [Fast Refresh] rebuilding @ http://localhost:3000/_next/static/chunks/node_modules_next_dist_1ybzpk2._.js:2477
[ 2372000ms] [LOG] [Fast Refresh] done in 140ms @ http://localhost:3000/_next/static/chunks/node_modules_next_dist_1ybzpk2._.js:2477
[ 2372145ms] [LOG] [Fast Refresh] rebuilding @ http://localhost:3000/_next/static/chunks/node_modules_next_dist_1ybzpk2._.js:2477
[ 2372151ms] [LOG] [Fast Refresh] done in 107ms @ http://localhost:3000/_next/static/chunks/node_modules_next_dist_1ybzpk2._.js:2477
[ 2372810ms] [LOG] [Fast Refresh] rebuilding @ http://localhost:3000/_next/static/chunks/node_modules_next_dist_1ybzpk2._.js:2477
[ 2372842ms] [LOG] [Fast Refresh] done in 134ms @ http://localhost:3000/_next/static/chunks/node_modules_next_dist_1ybzpk2._.js:2477
[ 2374339ms] [LOG] [Fast Refresh] rebuilding @ http://localhost:3000/_next/static/chunks/node_modules_next_dist_1ybzpk2._.js:2477
[ 2374350ms] [LOG] [Fast Refresh] done in 112ms @ http://localhost:3000/_next/static/chunks/node_modules_next_dist_1ybzpk2._.js:2477
[ 2374535ms] [LOG] [Fast Refresh] rebuilding @ http://localhost:3000/_next/static/chunks/node_modules_next_dist_1ybzpk2._.js:2477
[ 2374675ms] [LOG] [Fast Refresh] done in 242ms @ http://localhost:3000/_next/static/chunks/node_modules_next_dist_1ybzpk2._.js:2477
[ 2374776ms] [LOG] [Fast Refresh] rebuilding @ http://localhost:3000/_next/static/chunks/node_modules_next_dist_1ybzpk2._.js:2477
[ 2374892ms] [LOG] [Fast Refresh] done in 217ms @ http://localhost:3000/_next/static/chunks/node_modules_next_dist_1ybzpk2._.js:2477
[ 2375002ms] [LOG] [Fast Refresh] rebuilding @ http://localhost:3000/_next/static/chunks/node_modules_next_dist_1ybzpk2._.js:2477
[ 2375037ms] [LOG] [Fast Refresh] done in 136ms @ http://localhost:3000/_next/static/chunks/node_modules_next_dist_1ybzpk2._.js:2477
[ 2375459ms] [LOG] [Fast Refresh] rebuilding @ http://localhost:3000/_next/static/chunks/node_modules_next_dist_1ybzpk2._.js:2477
[ 2375618ms] [LOG] [Fast Refresh] done in 260ms @ http://localhost:3000/_next/static/chunks/node_modules_next_dist_1ybzpk2._.js:2477
[ 2375743ms] [LOG] [Fast Refresh] rebuilding @ http://localhost:3000/_next/static/chunks/node_modules_next_dist_1ybzpk2._.js:2477
[ 2375762ms] [LOG] [Fast Refresh] done in 121ms @ http://localhost:3000/_next/static/chunks/node_modules_next_dist_1ybzpk2._.js:2477
[ 2376230ms] [LOG] [Fast Refresh] rebuilding @ http://localhost:3000/_next/static/chunks/node_modules_next_dist_1ybzpk2._.js:2477
[ 2376416ms] [LOG] [Fast Refresh] done in 286ms @ http://localhost:3000/_next/static/chunks/node_modules_next_dist_1ybzpk2._.js:2477
[ 2376573ms] [LOG] [Fast Refresh] rebuilding @ http://localhost:3000/_next/static/chunks/node_modules_next_dist_1ybzpk2._.js:2477
[ 2376753ms] [LOG] [Fast Refresh] done in 280ms @ http://localhost:3000/_next/static/chunks/node_modules_next_dist_1ybzpk2._.js:2477
[ 2376946ms] [LOG] [Fast Refresh] rebuilding @ http://localhost:3000/_next/static/chunks/node_modules_next_dist_1ybzpk2._.js:2477
[ 2377162ms] [LOG] [Fast Refresh] done in 316ms @ http://localhost:3000/_next/static/chunks/node_modules_next_dist_1ybzpk2._.js:2477
[ 2377263ms] [LOG] [Fast Refresh] rebuilding @ http://localhost:3000/_next/static/chunks/node_modules_next_dist_1ybzpk2._.js:2477
[ 2377644ms] [LOG] [Fast Refresh] done in 481ms @ http://localhost:3000/_next/static/chunks/node_modules_next_dist_1ybzpk2._.js:2477
[ 2377927ms] [LOG] [Fast Refresh] rebuilding @ http://localhost:3000/_next/static/chunks/node_modules_next_dist_1ybzpk2._.js:2477
[ 2378320ms] [LOG] [Fast Refresh] done in 493ms @ http://localhost:3000/_next/static/chunks/node_modules_next_dist_1ybzpk2._.js:2477
[ 2378436ms] [LOG] [Fast Refresh] rebuilding @ http://localhost:3000/_next/static/chunks/node_modules_next_dist_1ybzpk2._.js:2477
[ 2378520ms] [LOG] [Fast Refresh] done in 185ms @ http://localhost:3000/_next/static/chunks/node_modules_next_dist_1ybzpk2._.js:2477
[ 2378645ms] [LOG] [Fast Refresh] rebuilding @ http://localhost:3000/_next/static/chunks/node_modules_next_dist_1ybzpk2._.js:2477
[ 2379020ms] [LOG] [Fast Refresh] done in 476ms @ http://localhost:3000/_next/static/chunks/node_modules_next_dist_1ybzpk2._.js:2477
[ 2379146ms] [LOG] [Fast Refresh] rebuilding @ http://localhost:3000/_next/static/chunks/node_modules_next_dist_1ybzpk2._.js:2477
[ 2379324ms] [LOG] [Fast Refresh] done in 278ms @ http://localhost:3000/_next/static/chunks/node_modules_next_dist_1ybzpk2._.js:2477
[ 2379434ms] [LOG] [Fast Refresh] rebuilding @ http://localhost:3000/_next/static/chunks/node_modules_next_dist_1ybzpk2._.js:2477
[ 2379878ms] [LOG] [Fast Refresh] done in 545ms @ http://localhost:3000/_next/static/chunks/node_modules_next_dist_1ybzpk2._.js:2477
[ 2380048ms] [LOG] [Fast Refresh] rebuilding @ http://localhost:3000/_next/static/chunks/node_modules_next_dist_1ybzpk2._.js:2477
[ 2380097ms] [LOG] [Fast Refresh] done in 150ms @ http://localhost:3000/_next/static/chunks/node_modules_next_dist_1ybzpk2._.js:2477
[ 2380328ms] [LOG] [Fast Refresh] rebuilding @ http://localhost:3000/_next/static/chunks/node_modules_next_dist_1ybzpk2._.js:2477
[ 2380502ms] [LOG] [Fast Refresh] done in 276ms @ http://localhost:3000/_next/static/chunks/node_modules_next_dist_1ybzpk2._.js:2477
[ 2380605ms] [LOG] [Fast Refresh] rebuilding @ http://localhost:3000/_next/static/chunks/node_modules_next_dist_1ybzpk2._.js:2477
[ 2380775ms] [LOG] [Fast Refresh] done in 271ms @ http://localhost:3000/_next/static/chunks/node_modules_next_dist_1ybzpk2._.js:2477
[ 2387901ms] [LOG] [Fast Refresh] rebuilding @ http://localhost:3000/_next/static/chunks/node_modules_next_dist_1ybzpk2._.js:2477
[ 2387981ms] [LOG] [Fast Refresh] done in 181ms @ http://localhost:3000/_next/static/chunks/node_modules_next_dist_1ybzpk2._.js:2477
[ 2411866ms] [LOG] [Fast Refresh] rebuilding @ http://localhost:3000/_next/static/chunks/node_modules_next_dist_1ybzpk2._.js:2477
[ 2411923ms] [LOG] [Fast Refresh] done in 158ms @ http://localhost:3000/_next/static/chunks/node_modules_next_dist_1ybzpk2._.js:2477
[ 2457687ms] [LOG] [Fast Refresh] rebuilding @ http://localhost:3000/_next/static/chunks/node_modules_next_dist_1ybzpk2._.js:2477
[ 2457778ms] [LOG] [Fast Refresh] done in 173ms @ http://localhost:3000/_next/static/chunks/node_modules_next_dist_1ybzpk2._.js:2477
[ 2537700ms] [LOG] [Fast Refresh] rebuilding @ http://localhost:3000/_next/static/chunks/node_modules_next_dist_1ybzpk2._.js:2477
[ 2537828ms] [LOG] [Fast Refresh] done in 214ms @ http://localhost:3000/_next/static/chunks/node_modules_next_dist_1ybzpk2._.js:2477
[ 2552358ms] [LOG] [Fast Refresh] rebuilding @ http://localhost:3000/_next/static/chunks/node_modules_next_dist_1ybzpk2._.js:2477
[ 2552377ms] [LOG] [Fast Refresh] done in 98ms @ http://localhost:3000/_next/static/chunks/node_modules_next_dist_1ybzpk2._.js:2477
[ 2622315ms] [LOG] [Fast Refresh] rebuilding @ http://localhost:3000/_next/static/chunks/node_modules_next_dist_1ybzpk2._.js:2477
[ 2622324ms] [LOG] [Fast Refresh] done in 111ms @ http://localhost:3000/_next/static/chunks/node_modules_next_dist_1ybzpk2._.js:2477
[ 2671842ms] [LOG] [Fast Refresh] rebuilding @ http://localhost:3000/_next/static/chunks/node_modules_next_dist_1ybzpk2._.js:2477
[ 2671859ms] [LOG] [Fast Refresh] done in 117ms @ http://localhost:3000/_next/static/chunks/node_modules_next_dist_1ybzpk2._.js:2477
