[     548ms] [WARNING] Caught a recoverable error. The site is still functional, but might have some UI flickering or degraded page load performance. If you are the author of this website, update external components and check recently added custom code or code overrides to fix the following server/client mismatches:
 Error: Minified React error #421; visit https://reactjs.org/docs/error-decoder.html?invariant=421 for the full message or use the non-minified dev environment for full errors and additional helpful warnings.
    at ns (https://framerusercontent.com/sites/59LDQ66KOF0oQlo1NTiAR/react.BdbbvUjJ.mjs:8:9242)
    at $o (https://framerusercontent.com/sites/59LDQ66KOF0oQlo1NTiAR/react.BdbbvUjJ.mjs:8:7196)
    at cp (https://framerusercontent.com/sites/59LDQ66KOF0oQlo1NTiAR/react.BdbbvUjJ.mjs:8:68482)
    at $s (https://framerusercontent.com/sites/59LDQ66KOF0oQlo1NTiAR/react.BdbbvUjJ.mjs:8:37073)
    at Qs (https://framerusercontent.com/sites/59LDQ66KOF0oQlo1NTiAR/react.BdbbvUjJ.mjs:8:37046)
    at Ls (https://framerusercontent.com/sites/59LDQ66KOF0oQlo1NTiAR/react.BdbbvUjJ.mjs:8:32130)
    at wt (https://framerusercontent.com/sites/59LDQ66KOF0oQlo1NTiAR/react.BdbbvUjJ.mjs:1:10651)
    at MessagePort.Et (https://framerusercontent.com/sites/59LDQ66KOF0oQlo1NTiAR/react.BdbbvUjJ.mjs:1:11006) null @ https://framerusercontent.com/sites/59LDQ66KOF0oQlo1NTiAR/script_main.B3hLYijP.mjs:0
[     576ms] [WARNING] Caught a recoverable error. The site is still functional, but might have some UI flickering or degraded page load performance. If you are the author of this website, update external components and check recently added custom code or code overrides to fix the following server/client mismatches:
 Error: Minified React error #425; visit https://reactjs.org/docs/error-decoder.html?invariant=425 for the full message or use the non-minified dev environment for full errors and additional helpful warnings.
    at Ii (https://framerusercontent.com/sites/59LDQ66KOF0oQlo1NTiAR/react.BdbbvUjJ.mjs:6:68)
    at us (https://framerusercontent.com/sites/59LDQ66KOF0oQlo1NTiAR/react.BdbbvUjJ.mjs:8:14036)
    at ec (https://framerusercontent.com/sites/59LDQ66KOF0oQlo1NTiAR/react.BdbbvUjJ.mjs:8:37372)
    at $s (https://framerusercontent.com/sites/59LDQ66KOF0oQlo1NTiAR/react.BdbbvUjJ.mjs:8:37134)
    at Qs (https://framerusercontent.com/sites/59LDQ66KOF0oQlo1NTiAR/react.BdbbvUjJ.mjs:8:37046)
    at Ls (https://framerusercontent.com/sites/59LDQ66KOF0oQlo1NTiAR/react.BdbbvUjJ.mjs:8:32130)
    at wt (https://framerusercontent.com/sites/59LDQ66KOF0oQlo1NTiAR/react.BdbbvUjJ.mjs:1:10651)
    at MessagePort.Et (https://framerusercontent.com/sites/59LDQ66KOF0oQlo1NTiAR/react.BdbbvUjJ.mjs:1:11006) 
    at style
    at div
    at s (https://framerusercontent.com/sites/59LDQ66KOF0oQlo1NTiAR/motion.4iocVj7K.mjs:9:5742)
    at Qr (https://framerusercontent.com/sites/59LDQ66KOF0oQlo1NTiAR/Vtvs07SC9Mfb8Tw2zSyhmF43zX4MTf793DH7zwYKGT4.D4GzHT1D.mjs:70:242)
    at fC (https://framerusercontent.com/sites/59LDQ66KOF0oQlo1NTiAR/framer.zX0Cz4zd.mjs:1034:716)
    at Suspense
    at ll (https://framerusercontent.com/sites/59LDQ66KOF0oQlo1NTiAR/framer.zX0Cz4zd.mjs:49:69866)
    at hl (https://framerusercontent.com/sites/59LDQ66KOF0oQlo1NTiAR/framer.zX0Cz4zd.mjs:49:70530)
    at ml (https://framerusercontent.com/sites/59LDQ66KOF0oQlo1NTiAR/framer.zX0Cz4zd.mjs:49:70392)
    at vl (https://framerusercontent.com/sites/59LDQ66KOF0oQlo1NTiAR/framer.zX0Cz4zd.mjs:49:70801)
    at df (https://framerusercontent.com/sites/59LDQ66KOF0oQlo1NTiAR/motion.4iocVj7K.mjs:9:72625)
    at Zi (https://framerusercontent.com/sites/59LDQ66KOF0oQlo1NTiAR/framer.zX0Cz4zd.mjs:49:23546)
    at div
    at s (https://framerusercontent.com/sites/59LDQ66KOF0oQlo1NTiAR/motion.4iocVj7K.mjs:9:5742)
    at https://framerusercontent.com/sites/59LDQ66KOF0oQlo1NTiAR/framer.zX0Cz4zd.mjs:1034:1471
    at https://framerusercontent.com/sites/59LDQ66KOF0oQlo1NTiAR/framer.zX0Cz4zd.mjs:1027:32241
    at https://framerusercontent.com/sites/59LDQ66KOF0oQlo1NTiAR/framer.zX0Cz4zd.mjs:1027:32054
    at label
    at form
    at s (https://framerusercontent.com/sites/59LDQ66KOF0oQlo1NTiAR/motion.4iocVj7K.mjs:9:5742)
    at https://framerusercontent.com/sites/59LDQ66KOF0oQlo1NTiAR/framer.zX0Cz4zd.mjs:1034:11884
    at div
    at s (https://framerusercontent.com/sites/59LDQ66KOF0oQlo1NTiAR/motion.4iocVj7K.mjs:9:5742)
    at https://framerusercontent.com/sites/59LDQ66KOF0oQlo1NTiAR/framer.zX0Cz4zd.mjs:1027:30388
    at div
    at https://framerusercontent.com/sites/59LDQ66KOF0oQlo1NTiAR/framer.zX0Cz4zd.mjs:1027:26759
    at https://framerusercontent.com/sites/59LDQ66KOF0oQlo1NTiAR/framer.zX0Cz4zd.mjs:115:34570
    at div
    at div
    at s (https://framerusercontent.com/sites/59LDQ66KOF0oQlo1NTiAR/motion.4iocVj7K.mjs:9:5742)
    at div
    at s (https://framerusercontent.com/sites/59LDQ66KOF0oQlo1NTiAR/motion.4iocVj7K.mjs:9:5742)
    at df (https://framerusercontent.com/sites/59LDQ66KOF0oQlo1NTiAR/motion.4iocVj7K.mjs:9:72625)
    at https://framerusercontent.com/sites/59LDQ66KOF0oQlo1NTiAR/Vtvs07SC9Mfb8Tw2zSyhmF43zX4MTf793DH7zwYKGT4.D4GzHT1D.mjs:85:254094
    at https://framerusercontent.com/sites/59LDQ66KOF0oQlo1NTiAR/framer.zX0Cz4zd.mjs:115:34570
    at https://framerusercontent.com/sites/59LDQ66KOF0oQlo1NTiAR/framer.zX0Cz4zd.mjs:3:757
    at Bd (https://framerusercontent.com/sites/59LDQ66KOF0oQlo1NTiAR/framer.zX0Cz4zd.mjs:54:6134)
    at yv (https://framerusercontent.com/sites/59LDQ66KOF0oQlo1NTiAR/framer.zX0Cz4zd.mjs:115:6167)
    at Suspense
    at ll (https://framerusercontent.com/sites/59LDQ66KOF0oQlo1NTiAR/framer.zX0Cz4zd.mjs:49:69866)
    at sC (https://framerusercontent.com/sites/59LDQ66KOF0oQlo1NTiAR/framer.zX0Cz4zd.mjs:1027:32341)
    at hd (https://framerusercontent.com/sites/59LDQ66KOF0oQlo1NTiAR/framer.zX0Cz4zd.mjs:52:19464)
    at Tr (https://framerusercontent.com/sites/59LDQ66KOF0oQlo1NTiAR/framer.zX0Cz4zd.mjs:49:7162)
    at https://framerusercontent.com/sites/59LDQ66KOF0oQlo1NTiAR/framer.zX0Cz4zd.mjs:1034:2511
    at https://framerusercontent.com/sites/59LDQ66KOF0oQlo1NTiAR/framer.zX0Cz4zd.mjs:115:34570
    at kt (https://framerusercontent.com/sites/59LDQ66KOF0oQlo1NTiAR/framer.zX0Cz4zd.mjs:3:2957)
    at zd (https://framerusercontent.com/sites/59LDQ66KOF0oQlo1NTiAR/framer.zX0Cz4zd.mjs:54:2003)
    at vd (https://framerusercontent.com/sites/59LDQ66KOF0oQlo1NTiAR/framer.zX0Cz4zd.mjs:52:20321)
    at nT (https://framerusercontent.com/sites/59LDQ66KOF0oQlo1NTiAR/framer.zX0Cz4zd.mjs:1034:18654)
    at mn (https://framerusercontent.com/sites/59LDQ66KOF0oQlo1NTiAR/framer.zX0Cz4zd.mjs:7:9287)
    at oa (https://framerusercontent.com/sites/59LDQ66KOF0oQlo1NTiAR/motion.4iocVj7K.mjs:9:1423)
    at hr (https://framerusercontent.com/sites/59LDQ66KOF0oQlo1NTiAR/framer.zX0Cz4zd.mjs:49:6495)
    at Xd (https://framerusercontent.com/sites/59LDQ66KOF0oQlo1NTiAR/framer.zX0Cz4zd.mjs:54:7399)
    at WC (https://framerusercontent.com/sites/59LDQ66KOF0oQlo1NTiAR/framer.zX0Cz4zd.mjs:1034:7722)
    at Fn (https://framerusercontent.com/sites/59LDQ66KOF0oQlo1NTiAR/framer.zX0Cz4zd.mjs:7:14159) @ https://framerusercontent.com/sites/59LDQ66KOF0oQlo1NTiAR/script_main.B3hLYijP.mjs:0
[     576ms] [WARNING] Caught a recoverable error. The site is still functional, but might have some UI flickering or degraded page load performance. If you are the author of this website, update external components and check recently added custom code or code overrides to fix the following server/client mismatches:
 Error: Minified React error #422; visit https://reactjs.org/docs/error-decoder.html?invariant=422 for the full message or use the non-minified dev environment for full errors and additional helpful warnings.
    at ns (https://framerusercontent.com/sites/59LDQ66KOF0oQlo1NTiAR/react.BdbbvUjJ.mjs:8:8255)
    at $o (https://framerusercontent.com/sites/59LDQ66KOF0oQlo1NTiAR/react.BdbbvUjJ.mjs:8:7196)
    at cp (https://framerusercontent.com/sites/59LDQ66KOF0oQlo1NTiAR/react.BdbbvUjJ.mjs:8:68482)
    at $s (https://framerusercontent.com/sites/59LDQ66KOF0oQlo1NTiAR/react.BdbbvUjJ.mjs:8:37073)
    at Qs (https://framerusercontent.com/sites/59LDQ66KOF0oQlo1NTiAR/react.BdbbvUjJ.mjs:8:37046)
    at Ls (https://framerusercontent.com/sites/59LDQ66KOF0oQlo1NTiAR/react.BdbbvUjJ.mjs:8:32130)
    at wt (https://framerusercontent.com/sites/59LDQ66KOF0oQlo1NTiAR/react.BdbbvUjJ.mjs:1:10651)
    at MessagePort.Et (https://framerusercontent.com/sites/59LDQ66KOF0oQlo1NTiAR/react.BdbbvUjJ.mjs:1:11006) null @ https://framerusercontent.com/sites/59LDQ66KOF0oQlo1NTiAR/script_main.B3hLYijP.mjs:0
[    4301ms] [LOG] [Framer On-Page Editing] Unavailable because not on a `framer.app` subdomain and access status is no-auth @ https://app.framerstatic.com/editorbar.W473LXOF.mjs:0
