[     877ms] [WARNING] Caught a recoverable error. The site is still functional, but might have some UI flickering or degraded page load performance. If you are the author of this website, update external components and check recently added custom code or code overrides to fix the following server/client mismatches:
 Error: Minified React error #418; visit https://reactjs.org/docs/error-decoder.html?invariant=418 for the full message or use the non-minified dev environment for full errors and additional helpful warnings.
    at da (https://framerusercontent.com/sites/7G0ksK36xXPFscemgu4RmO/react.DpZn428N.mjs:6:4116)
    at $o (https://framerusercontent.com/sites/7G0ksK36xXPFscemgu4RmO/react.DpZn428N.mjs:8:6737)
    at Cp (https://framerusercontent.com/sites/7G0ksK36xXPFscemgu4RmO/react.DpZn428N.mjs:8:68632)
    at tc (https://framerusercontent.com/sites/7G0ksK36xXPFscemgu4RmO/react.DpZn428N.mjs:8:37085)
    at ec (https://framerusercontent.com/sites/7G0ksK36xXPFscemgu4RmO/react.DpZn428N.mjs:8:37058)
    at zs (https://framerusercontent.com/sites/7G0ksK36xXPFscemgu4RmO/react.DpZn428N.mjs:8:32142)
    at wt (https://framerusercontent.com/sites/7G0ksK36xXPFscemgu4RmO/react.DpZn428N.mjs:1:10670)
    at MessagePort.Et (https://framerusercontent.com/sites/7G0ksK36xXPFscemgu4RmO/react.DpZn428N.mjs:1:11025) 
    at Suspense
    at vc (https://framerusercontent.com/sites/7G0ksK36xXPFscemgu4RmO/framer.CI_NJ3zy.mjs:46:63390)
    at wc (https://framerusercontent.com/sites/7G0ksK36xXPFscemgu4RmO/framer.CI_NJ3zy.mjs:46:64054)
    at Cc (https://framerusercontent.com/sites/7G0ksK36xXPFscemgu4RmO/framer.CI_NJ3zy.mjs:46:63916)
    at s (https://framerusercontent.com/sites/7G0ksK36xXPFscemgu4RmO/framer.CI_NJ3zy.mjs:48:10070)
    at div
    at https://framerusercontent.com/sites/7G0ksK36xXPFscemgu4RmO/framer.CI_NJ3zy.mjs:1035:444
    at https://framerusercontent.com/sites/7G0ksK36xXPFscemgu4RmO/framer.CI_NJ3zy.mjs:1033:30142
    at div
    at section
    at div
    at o (https://framerusercontent.com/sites/7G0ksK36xXPFscemgu4RmO/motion.BMOxqJ-6.mjs:9:7875)
    at mu (https://framerusercontent.com/sites/7G0ksK36xXPFscemgu4RmO/motion.BMOxqJ-6.mjs:9:86582)
    at https://framerusercontent.com/sites/7G0ksK36xXPFscemgu4RmO/w9C7zR3oAYVY1xMxrXQFDdPfJ7jbTT_zf1y7hInp3wk.D_mEbobP.mjs:32:17324
    at https://framerusercontent.com/sites/7G0ksK36xXPFscemgu4RmO/framer.CI_NJ3zy.mjs:1033:30142
    at https://framerusercontent.com/sites/7G0ksK36xXPFscemgu4RmO/framer.CI_NJ3zy.mjs:1:2006
    at div
    at o (https://framerusercontent.com/sites/7G0ksK36xXPFscemgu4RmO/motion.BMOxqJ-6.mjs:9:7875)
    at mu (https://framerusercontent.com/sites/7G0ksK36xXPFscemgu4RmO/motion.BMOxqJ-6.mjs:9:86582)
    at https://framerusercontent.com/sites/7G0ksK36xXPFscemgu4RmO/script_main.pLk-6UJn.mjs:78:42752
    at https://framerusercontent.com/sites/7G0ksK36xXPFscemgu4RmO/framer.CI_NJ3zy.mjs:1033:30142
    at https://framerusercontent.com/sites/7G0ksK36xXPFscemgu4RmO/framer.CI_NJ3zy.mjs:1044:9520
    at Suspense
    at vc (https://framerusercontent.com/sites/7G0ksK36xXPFscemgu4RmO/framer.CI_NJ3zy.mjs:46:63390)
    at al (https://framerusercontent.com/sites/7G0ksK36xXPFscemgu4RmO/framer.CI_NJ3zy.mjs:46:69722)
    at fa (https://framerusercontent.com/sites/7G0ksK36xXPFscemgu4RmO/script_main.pLk-6UJn.mjs:116:45969)
    at Ql (https://framerusercontent.com/sites/7G0ksK36xXPFscemgu4RmO/framer.CI_NJ3zy.mjs:46:85859)
    at mg (https://framerusercontent.com/sites/7G0ksK36xXPFscemgu4RmO/framer.CI_NJ3zy.mjs:107:5913)
    at Suspense
    at vc (https://framerusercontent.com/sites/7G0ksK36xXPFscemgu4RmO/framer.CI_NJ3zy.mjs:46:63390)
    at px (https://framerusercontent.com/sites/7G0ksK36xXPFscemgu4RmO/framer.CI_NJ3zy.mjs:1035:6056)
    at bt (https://framerusercontent.com/sites/7G0ksK36xXPFscemgu4RmO/framer.CI_NJ3zy.mjs:1:4193)
    at Zl (https://framerusercontent.com/sites/7G0ksK36xXPFscemgu4RmO/framer.CI_NJ3zy.mjs:46:81882)
    at https://framerusercontent.com/sites/7G0ksK36xXPFscemgu4RmO/framer.CI_NJ3zy.mjs:1042:2578
    at https://framerusercontent.com/sites/7G0ksK36xXPFscemgu4RmO/framer.CI_NJ3zy.mjs:1033:30142
    at BS (https://framerusercontent.com/sites/7G0ksK36xXPFscemgu4RmO/framer.CI_NJ3zy.mjs:1044:9289)
    at Wn (https://framerusercontent.com/sites/7G0ksK36xXPFscemgu4RmO/motion.BMOxqJ-6.mjs:9:1414)
    at cu (https://framerusercontent.com/sites/7G0ksK36xXPFscemgu4RmO/framer.CI_NJ3zy.mjs:46:87122)
    at Ux (https://framerusercontent.com/sites/7G0ksK36xXPFscemgu4RmO/framer.CI_NJ3zy.mjs:1042:6093)
    at cn (https://framerusercontent.com/sites/7G0ksK36xXPFscemgu4RmO/framer.CI_NJ3zy.mjs:1:10678) @ https://framerusercontent.com/sites/7G0ksK36xXPFscemgu4RmO/script_main.pLk-6UJn.mjs:115
[     877ms] [WARNING] Caught a recoverable error. The site is still functional, but might have some UI flickering or degraded page load performance. If you are the author of this website, update external components and check recently added custom code or code overrides to fix the following server/client mismatches:
 Error: Minified React error #418; visit https://reactjs.org/docs/error-decoder.html?invariant=418 for the full message or use the non-minified dev environment for full errors and additional helpful warnings.
    at da (https://framerusercontent.com/sites/7G0ksK36xXPFscemgu4RmO/react.DpZn428N.mjs:6:4116)
    at Cp (https://framerusercontent.com/sites/7G0ksK36xXPFscemgu4RmO/react.DpZn428N.mjs:8:68430)
    at tc (https://framerusercontent.com/sites/7G0ksK36xXPFscemgu4RmO/react.DpZn428N.mjs:8:37085)
    at ec (https://framerusercontent.com/sites/7G0ksK36xXPFscemgu4RmO/react.DpZn428N.mjs:8:37058)
    at zs (https://framerusercontent.com/sites/7G0ksK36xXPFscemgu4RmO/react.DpZn428N.mjs:8:32142)
    at wt (https://framerusercontent.com/sites/7G0ksK36xXPFscemgu4RmO/react.DpZn428N.mjs:1:10670)
    at MessagePort.Et (https://framerusercontent.com/sites/7G0ksK36xXPFscemgu4RmO/react.DpZn428N.mjs:1:11025) 
    at div
    at ha (https://framerusercontent.com/sites/7G0ksK36xXPFscemgu4RmO/framer.CI_NJ3zy.mjs:46:21729)
    at div
    at o (https://framerusercontent.com/sites/7G0ksK36xXPFscemgu4RmO/motion.BMOxqJ-6.mjs:9:7875)
    at https://framerusercontent.com/sites/7G0ksK36xXPFscemgu4RmO/framer.CI_NJ3zy.mjs:1046:27792
    at https://framerusercontent.com/sites/7G0ksK36xXPFscemgu4RmO/framer.CI_NJ3zy.mjs:51:10627
    at https://framerusercontent.com/sites/7G0ksK36xXPFscemgu4RmO/framer.CI_NJ3zy.mjs:1035:4089
    at div
    at https://framerusercontent.com/sites/7G0ksK36xXPFscemgu4RmO/framer.CI_NJ3zy.mjs:1035:444
    at https://framerusercontent.com/sites/7G0ksK36xXPFscemgu4RmO/framer.CI_NJ3zy.mjs:1033:30142
    at div
    at section
    at div
    at o (https://framerusercontent.com/sites/7G0ksK36xXPFscemgu4RmO/motion.BMOxqJ-6.mjs:9:7875)
    at mu (https://framerusercontent.com/sites/7G0ksK36xXPFscemgu4RmO/motion.BMOxqJ-6.mjs:9:86582)
    at https://framerusercontent.com/sites/7G0ksK36xXPFscemgu4RmO/w9C7zR3oAYVY1xMxrXQFDdPfJ7jbTT_zf1y7hInp3wk.D_mEbobP.mjs:32:17324
    at https://framerusercontent.com/sites/7G0ksK36xXPFscemgu4RmO/framer.CI_NJ3zy.mjs:1033:30142
    at https://framerusercontent.com/sites/7G0ksK36xXPFscemgu4RmO/framer.CI_NJ3zy.mjs:1:2006
    at div
    at o (https://framerusercontent.com/sites/7G0ksK36xXPFscemgu4RmO/motion.BMOxqJ-6.mjs:9:7875)
    at mu (https://framerusercontent.com/sites/7G0ksK36xXPFscemgu4RmO/motion.BMOxqJ-6.mjs:9:86582)
    at https://framerusercontent.com/sites/7G0ksK36xXPFscemgu4RmO/script_main.pLk-6UJn.mjs:78:42752
    at https://framerusercontent.com/sites/7G0ksK36xXPFscemgu4RmO/framer.CI_NJ3zy.mjs:1033:30142
    at https://framerusercontent.com/sites/7G0ksK36xXPFscemgu4RmO/framer.CI_NJ3zy.mjs:1044:9520
    at Suspense
    at vc (https://framerusercontent.com/sites/7G0ksK36xXPFscemgu4RmO/framer.CI_NJ3zy.mjs:46:63390)
    at al (https://framerusercontent.com/sites/7G0ksK36xXPFscemgu4RmO/framer.CI_NJ3zy.mjs:46:69722)
    at fa (https://framerusercontent.com/sites/7G0ksK36xXPFscemgu4RmO/script_main.pLk-6UJn.mjs:116:45969)
    at Ql (https://framerusercontent.com/sites/7G0ksK36xXPFscemgu4RmO/framer.CI_NJ3zy.mjs:46:85859)
    at mg (https://framerusercontent.com/sites/7G0ksK36xXPFscemgu4RmO/framer.CI_NJ3zy.mjs:107:5913)
    at Suspense
    at vc (https://framerusercontent.com/sites/7G0ksK36xXPFscemgu4RmO/framer.CI_NJ3zy.mjs:46:63390)
    at px (https://framerusercontent.com/sites/7G0ksK36xXPFscemgu4RmO/framer.CI_NJ3zy.mjs:1035:6056)
    at bt (https://framerusercontent.com/sites/7G0ksK36xXPFscemgu4RmO/framer.CI_NJ3zy.mjs:1:4193)
    at Zl (https://framerusercontent.com/sites/7G0ksK36xXPFscemgu4RmO/framer.CI_NJ3zy.mjs:46:81882)
    at https://framerusercontent.com/sites/7G0ksK36xXPFscemgu4RmO/framer.CI_NJ3zy.mjs:1042:2578
    at https://framerusercontent.com/sites/7G0ksK36xXPFscemgu4RmO/framer.CI_NJ3zy.mjs:1033:30142
    at BS (https://framerusercontent.com/sites/7G0ksK36xXPFscemgu4RmO/framer.CI_NJ3zy.mjs:1044:9289)
    at Wn (https://framerusercontent.com/sites/7G0ksK36xXPFscemgu4RmO/motion.BMOxqJ-6.mjs:9:1414)
    at cu (https://framerusercontent.com/sites/7G0ksK36xXPFscemgu4RmO/framer.CI_NJ3zy.mjs:46:87122)
    at Ux (https://framerusercontent.com/sites/7G0ksK36xXPFscemgu4RmO/framer.CI_NJ3zy.mjs:1042:6093)
    at cn (https://framerusercontent.com/sites/7G0ksK36xXPFscemgu4RmO/framer.CI_NJ3zy.mjs:1:10678) @ https://framerusercontent.com/sites/7G0ksK36xXPFscemgu4RmO/script_main.pLk-6UJn.mjs:115
[     877ms] [WARNING] Caught a recoverable error. The site is still functional, but might have some UI flickering or degraded page load performance. If you are the author of this website, update external components and check recently added custom code or code overrides to fix the following server/client mismatches:
 Error: Minified React error #418; visit https://reactjs.org/docs/error-decoder.html?invariant=418 for the full message or use the non-minified dev environment for full errors and additional helpful warnings.
    at da (https://framerusercontent.com/sites/7G0ksK36xXPFscemgu4RmO/react.DpZn428N.mjs:6:4116)
    at $o (https://framerusercontent.com/sites/7G0ksK36xXPFscemgu4RmO/react.DpZn428N.mjs:8:6737)
    at Cp (https://framerusercontent.com/sites/7G0ksK36xXPFscemgu4RmO/react.DpZn428N.mjs:8:68632)
    at tc (https://framerusercontent.com/sites/7G0ksK36xXPFscemgu4RmO/react.DpZn428N.mjs:8:37085)
    at ec (https://framerusercontent.com/sites/7G0ksK36xXPFscemgu4RmO/react.DpZn428N.mjs:8:37058)
    at zs (https://framerusercontent.com/sites/7G0ksK36xXPFscemgu4RmO/react.DpZn428N.mjs:8:32142)
    at wt (https://framerusercontent.com/sites/7G0ksK36xXPFscemgu4RmO/react.DpZn428N.mjs:1:10670)
    at MessagePort.Et (https://framerusercontent.com/sites/7G0ksK36xXPFscemgu4RmO/react.DpZn428N.mjs:1:11025) 
    at Suspense
    at vc (https://framerusercontent.com/sites/7G0ksK36xXPFscemgu4RmO/framer.CI_NJ3zy.mjs:46:63390)
    at wc (https://framerusercontent.com/sites/7G0ksK36xXPFscemgu4RmO/framer.CI_NJ3zy.mjs:46:64054)
    at Cc (https://framerusercontent.com/sites/7G0ksK36xXPFscemgu4RmO/framer.CI_NJ3zy.mjs:46:63916)
    at s (https://framerusercontent.com/sites/7G0ksK36xXPFscemgu4RmO/framer.CI_NJ3zy.mjs:48:10070)
    at div
    at section
    at div
    at o (https://framerusercontent.com/sites/7G0ksK36xXPFscemgu4RmO/motion.BMOxqJ-6.mjs:9:7875)
    at mu (https://framerusercontent.com/sites/7G0ksK36xXPFscemgu4RmO/motion.BMOxqJ-6.mjs:9:86582)
    at https://framerusercontent.com/sites/7G0ksK36xXPFscemgu4RmO/w9C7zR3oAYVY1xMxrXQFDdPfJ7jbTT_zf1y7hInp3wk.D_mEbobP.mjs:32:17324
    at https://framerusercontent.com/sites/7G0ksK36xXPFscemgu4RmO/framer.CI_NJ3zy.mjs:1033:30142
    at https://framerusercontent.com/sites/7G0ksK36xXPFscemgu4RmO/framer.CI_NJ3zy.mjs:1:2006
    at div
    at o (https://framerusercontent.com/sites/7G0ksK36xXPFscemgu4RmO/motion.BMOxqJ-6.mjs:9:7875)
    at mu (https://framerusercontent.com/sites/7G0ksK36xXPFscemgu4RmO/motion.BMOxqJ-6.mjs:9:86582)
    at https://framerusercontent.com/sites/7G0ksK36xXPFscemgu4RmO/script_main.pLk-6UJn.mjs:78:42752
    at https://framerusercontent.com/sites/7G0ksK36xXPFscemgu4RmO/framer.CI_NJ3zy.mjs:1033:30142
    at https://framerusercontent.com/sites/7G0ksK36xXPFscemgu4RmO/framer.CI_NJ3zy.mjs:1044:9520
    at Suspense
    at vc (https://framerusercontent.com/sites/7G0ksK36xXPFscemgu4RmO/framer.CI_NJ3zy.mjs:46:63390)
    at al (https://framerusercontent.com/sites/7G0ksK36xXPFscemgu4RmO/framer.CI_NJ3zy.mjs:46:69722)
    at fa (https://framerusercontent.com/sites/7G0ksK36xXPFscemgu4RmO/script_main.pLk-6UJn.mjs:116:45969)
    at Ql (https://framerusercontent.com/sites/7G0ksK36xXPFscemgu4RmO/framer.CI_NJ3zy.mjs:46:85859)
    at mg (https://framerusercontent.com/sites/7G0ksK36xXPFscemgu4RmO/framer.CI_NJ3zy.mjs:107:5913)
    at Suspense
    at vc (https://framerusercontent.com/sites/7G0ksK36xXPFscemgu4RmO/framer.CI_NJ3zy.mjs:46:63390)
    at px (https://framerusercontent.com/sites/7G0ksK36xXPFscemgu4RmO/framer.CI_NJ3zy.mjs:1035:6056)
    at bt (https://framerusercontent.com/sites/7G0ksK36xXPFscemgu4RmO/framer.CI_NJ3zy.mjs:1:4193)
    at Zl (https://framerusercontent.com/sites/7G0ksK36xXPFscemgu4RmO/framer.CI_NJ3zy.mjs:46:81882)
    at https://framerusercontent.com/sites/7G0ksK36xXPFscemgu4RmO/framer.CI_NJ3zy.mjs:1042:2578
    at https://framerusercontent.com/sites/7G0ksK36xXPFscemgu4RmO/framer.CI_NJ3zy.mjs:1033:30142
    at BS (https://framerusercontent.com/sites/7G0ksK36xXPFscemgu4RmO/framer.CI_NJ3zy.mjs:1044:9289)
    at Wn (https://framerusercontent.com/sites/7G0ksK36xXPFscemgu4RmO/motion.BMOxqJ-6.mjs:9:1414)
    at cu (https://framerusercontent.com/sites/7G0ksK36xXPFscemgu4RmO/framer.CI_NJ3zy.mjs:46:87122)
    at Ux (https://framerusercontent.com/sites/7G0ksK36xXPFscemgu4RmO/framer.CI_NJ3zy.mjs:1042:6093)
    at cn (https://framerusercontent.com/sites/7G0ksK36xXPFscemgu4RmO/framer.CI_NJ3zy.mjs:1:10678) @ https://framerusercontent.com/sites/7G0ksK36xXPFscemgu4RmO/script_main.pLk-6UJn.mjs:115
[     877ms] [WARNING] Caught a recoverable error. The site is still functional, but might have some UI flickering or degraded page load performance. If you are the author of this website, update external components and check recently added custom code or code overrides to fix the following server/client mismatches:
 Error: Minified React error #418; visit https://reactjs.org/docs/error-decoder.html?invariant=418 for the full message or use the non-minified dev environment for full errors and additional helpful warnings.
    at da (https://framerusercontent.com/sites/7G0ksK36xXPFscemgu4RmO/react.DpZn428N.mjs:6:4116)
    at $o (https://framerusercontent.com/sites/7G0ksK36xXPFscemgu4RmO/react.DpZn428N.mjs:8:6737)
    at Cp (https://framerusercontent.com/sites/7G0ksK36xXPFscemgu4RmO/react.DpZn428N.mjs:8:68632)
    at tc (https://framerusercontent.com/sites/7G0ksK36xXPFscemgu4RmO/react.DpZn428N.mjs:8:37085)
    at ec (https://framerusercontent.com/sites/7G0ksK36xXPFscemgu4RmO/react.DpZn428N.mjs:8:37058)
    at zs (https://framerusercontent.com/sites/7G0ksK36xXPFscemgu4RmO/react.DpZn428N.mjs:8:32142)
    at wt (https://framerusercontent.com/sites/7G0ksK36xXPFscemgu4RmO/react.DpZn428N.mjs:1:10670)
    at MessagePort.Et (https://framerusercontent.com/sites/7G0ksK36xXPFscemgu4RmO/react.DpZn428N.mjs:1:11025) 
    at Suspense
    at vc (https://framerusercontent.com/sites/7G0ksK36xXPFscemgu4RmO/framer.CI_NJ3zy.mjs:46:63390)
    at wc (https://framerusercontent.com/sites/7G0ksK36xXPFscemgu4RmO/framer.CI_NJ3zy.mjs:46:64054)
    at Cc (https://framerusercontent.com/sites/7G0ksK36xXPFscemgu4RmO/framer.CI_NJ3zy.mjs:46:63916)
    at s (https://framerusercontent.com/sites/7G0ksK36xXPFscemgu4RmO/framer.CI_NJ3zy.mjs:48:10070)
    at div
    at section
    at div
    at o (https://framerusercontent.com/sites/7G0ksK36xXPFscemgu4RmO/motion.BMOxqJ-6.mjs:9:7875)
    at mu (https://framerusercontent.com/sites/7G0ksK36xXPFscemgu4RmO/motion.BMOxqJ-6.mjs:9:86582)
    at https://framerusercontent.com/sites/7G0ksK36xXPFscemgu4RmO/w9C7zR3oAYVY1xMxrXQFDdPfJ7jbTT_zf1y7hInp3wk.D_mEbobP.mjs:32:17324
    at https://framerusercontent.com/sites/7G0ksK36xXPFscemgu4RmO/framer.CI_NJ3zy.mjs:1033:30142
    at https://framerusercontent.com/sites/7G0ksK36xXPFscemgu4RmO/framer.CI_NJ3zy.mjs:1:2006
    at div
    at o (https://framerusercontent.com/sites/7G0ksK36xXPFscemgu4RmO/motion.BMOxqJ-6.mjs:9:7875)
    at mu (https://framerusercontent.com/sites/7G0ksK36xXPFscemgu4RmO/motion.BMOxqJ-6.mjs:9:86582)
    at https://framerusercontent.com/sites/7G0ksK36xXPFscemgu4RmO/script_main.pLk-6UJn.mjs:78:42752
    at https://framerusercontent.com/sites/7G0ksK36xXPFscemgu4RmO/framer.CI_NJ3zy.mjs:1033:30142
    at https://framerusercontent.com/sites/7G0ksK36xXPFscemgu4RmO/framer.CI_NJ3zy.mjs:1044:9520
    at Suspense
    at vc (https://framerusercontent.com/sites/7G0ksK36xXPFscemgu4RmO/framer.CI_NJ3zy.mjs:46:63390)
    at al (https://framerusercontent.com/sites/7G0ksK36xXPFscemgu4RmO/framer.CI_NJ3zy.mjs:46:69722)
    at fa (https://framerusercontent.com/sites/7G0ksK36xXPFscemgu4RmO/script_main.pLk-6UJn.mjs:116:45969)
    at Ql (https://framerusercontent.com/sites/7G0ksK36xXPFscemgu4RmO/framer.CI_NJ3zy.mjs:46:85859)
    at mg (https://framerusercontent.com/sites/7G0ksK36xXPFscemgu4RmO/framer.CI_NJ3zy.mjs:107:5913)
    at Suspense
    at vc (https://framerusercontent.com/sites/7G0ksK36xXPFscemgu4RmO/framer.CI_NJ3zy.mjs:46:63390)
    at px (https://framerusercontent.com/sites/7G0ksK36xXPFscemgu4RmO/framer.CI_NJ3zy.mjs:1035:6056)
    at bt (https://framerusercontent.com/sites/7G0ksK36xXPFscemgu4RmO/framer.CI_NJ3zy.mjs:1:4193)
    at Zl (https://framerusercontent.com/sites/7G0ksK36xXPFscemgu4RmO/framer.CI_NJ3zy.mjs:46:81882)
    at https://framerusercontent.com/sites/7G0ksK36xXPFscemgu4RmO/framer.CI_NJ3zy.mjs:1042:2578
    at https://framerusercontent.com/sites/7G0ksK36xXPFscemgu4RmO/framer.CI_NJ3zy.mjs:1033:30142
    at BS (https://framerusercontent.com/sites/7G0ksK36xXPFscemgu4RmO/framer.CI_NJ3zy.mjs:1044:9289)
    at Wn (https://framerusercontent.com/sites/7G0ksK36xXPFscemgu4RmO/motion.BMOxqJ-6.mjs:9:1414)
    at cu (https://framerusercontent.com/sites/7G0ksK36xXPFscemgu4RmO/framer.CI_NJ3zy.mjs:46:87122)
    at Ux (https://framerusercontent.com/sites/7G0ksK36xXPFscemgu4RmO/framer.CI_NJ3zy.mjs:1042:6093)
    at cn (https://framerusercontent.com/sites/7G0ksK36xXPFscemgu4RmO/framer.CI_NJ3zy.mjs:1:10678) @ https://framerusercontent.com/sites/7G0ksK36xXPFscemgu4RmO/script_main.pLk-6UJn.mjs:115
[     877ms] [WARNING] Caught a recoverable error. The site is still functional, but might have some UI flickering or degraded page load performance. If you are the author of this website, update external components and check recently added custom code or code overrides to fix the following server/client mismatches:
 Error: Minified React error #418; visit https://reactjs.org/docs/error-decoder.html?invariant=418 for the full message or use the non-minified dev environment for full errors and additional helpful warnings.
    at da (https://framerusercontent.com/sites/7G0ksK36xXPFscemgu4RmO/react.DpZn428N.mjs:6:4116)
    at $o (https://framerusercontent.com/sites/7G0ksK36xXPFscemgu4RmO/react.DpZn428N.mjs:8:6737)
    at Cp (https://framerusercontent.com/sites/7G0ksK36xXPFscemgu4RmO/react.DpZn428N.mjs:8:68632)
    at tc (https://framerusercontent.com/sites/7G0ksK36xXPFscemgu4RmO/react.DpZn428N.mjs:8:37085)
    at ec (https://framerusercontent.com/sites/7G0ksK36xXPFscemgu4RmO/react.DpZn428N.mjs:8:37058)
    at zs (https://framerusercontent.com/sites/7G0ksK36xXPFscemgu4RmO/react.DpZn428N.mjs:8:32142)
    at wt (https://framerusercontent.com/sites/7G0ksK36xXPFscemgu4RmO/react.DpZn428N.mjs:1:10670)
    at MessagePort.Et (https://framerusercontent.com/sites/7G0ksK36xXPFscemgu4RmO/react.DpZn428N.mjs:1:11025) 
    at Suspense
    at vc (https://framerusercontent.com/sites/7G0ksK36xXPFscemgu4RmO/framer.CI_NJ3zy.mjs:46:63390)
    at wc (https://framerusercontent.com/sites/7G0ksK36xXPFscemgu4RmO/framer.CI_NJ3zy.mjs:46:64054)
    at Cc (https://framerusercontent.com/sites/7G0ksK36xXPFscemgu4RmO/framer.CI_NJ3zy.mjs:46:63916)
    at s (https://framerusercontent.com/sites/7G0ksK36xXPFscemgu4RmO/framer.CI_NJ3zy.mjs:48:10070)
    at div
    at o (https://framerusercontent.com/sites/7G0ksK36xXPFscemgu4RmO/motion.BMOxqJ-6.mjs:9:7875)
    at mu (https://framerusercontent.com/sites/7G0ksK36xXPFscemgu4RmO/motion.BMOxqJ-6.mjs:9:86582)
    at https://framerusercontent.com/sites/7G0ksK36xXPFscemgu4RmO/w9C7zR3oAYVY1xMxrXQFDdPfJ7jbTT_zf1y7hInp3wk.D_mEbobP.mjs:32:17324
    at https://framerusercontent.com/sites/7G0ksK36xXPFscemgu4RmO/framer.CI_NJ3zy.mjs:1033:30142
    at https://framerusercontent.com/sites/7G0ksK36xXPFscemgu4RmO/framer.CI_NJ3zy.mjs:1:2006
    at div
    at o (https://framerusercontent.com/sites/7G0ksK36xXPFscemgu4RmO/motion.BMOxqJ-6.mjs:9:7875)
    at mu (https://framerusercontent.com/sites/7G0ksK36xXPFscemgu4RmO/motion.BMOxqJ-6.mjs:9:86582)
    at https://framerusercontent.com/sites/7G0ksK36xXPFscemgu4RmO/script_main.pLk-6UJn.mjs:78:42752
    at https://framerusercontent.com/sites/7G0ksK36xXPFscemgu4RmO/framer.CI_NJ3zy.mjs:1033:30142
    at https://framerusercontent.com/sites/7G0ksK36xXPFscemgu4RmO/framer.CI_NJ3zy.mjs:1044:9520
    at Suspense
    at vc (https://framerusercontent.com/sites/7G0ksK36xXPFscemgu4RmO/framer.CI_NJ3zy.mjs:46:63390)
    at al (https://framerusercontent.com/sites/7G0ksK36xXPFscemgu4RmO/framer.CI_NJ3zy.mjs:46:69722)
    at fa (https://framerusercontent.com/sites/7G0ksK36xXPFscemgu4RmO/script_main.pLk-6UJn.mjs:116:45969)
    at Ql (https://framerusercontent.com/sites/7G0ksK36xXPFscemgu4RmO/framer.CI_NJ3zy.mjs:46:85859)
    at mg (https://framerusercontent.com/sites/7G0ksK36xXPFscemgu4RmO/framer.CI_NJ3zy.mjs:107:5913)
    at Suspense
    at vc (https://framerusercontent.com/sites/7G0ksK36xXPFscemgu4RmO/framer.CI_NJ3zy.mjs:46:63390)
    at px (https://framerusercontent.com/sites/7G0ksK36xXPFscemgu4RmO/framer.CI_NJ3zy.mjs:1035:6056)
    at bt (https://framerusercontent.com/sites/7G0ksK36xXPFscemgu4RmO/framer.CI_NJ3zy.mjs:1:4193)
    at Zl (https://framerusercontent.com/sites/7G0ksK36xXPFscemgu4RmO/framer.CI_NJ3zy.mjs:46:81882)
    at https://framerusercontent.com/sites/7G0ksK36xXPFscemgu4RmO/framer.CI_NJ3zy.mjs:1042:2578
    at https://framerusercontent.com/sites/7G0ksK36xXPFscemgu4RmO/framer.CI_NJ3zy.mjs:1033:30142
    at BS (https://framerusercontent.com/sites/7G0ksK36xXPFscemgu4RmO/framer.CI_NJ3zy.mjs:1044:9289)
    at Wn (https://framerusercontent.com/sites/7G0ksK36xXPFscemgu4RmO/motion.BMOxqJ-6.mjs:9:1414)
    at cu (https://framerusercontent.com/sites/7G0ksK36xXPFscemgu4RmO/framer.CI_NJ3zy.mjs:46:87122)
    at Ux (https://framerusercontent.com/sites/7G0ksK36xXPFscemgu4RmO/framer.CI_NJ3zy.mjs:1042:6093)
    at cn (https://framerusercontent.com/sites/7G0ksK36xXPFscemgu4RmO/framer.CI_NJ3zy.mjs:1:10678) @ https://framerusercontent.com/sites/7G0ksK36xXPFscemgu4RmO/script_main.pLk-6UJn.mjs:115
[     877ms] [WARNING] Caught a recoverable error. The site is still functional, but might have some UI flickering or degraded page load performance. If you are the author of this website, update external components and check recently added custom code or code overrides to fix the following server/client mismatches:
 Error: Minified React error #418; visit https://reactjs.org/docs/error-decoder.html?invariant=418 for the full message or use the non-minified dev environment for full errors and additional helpful warnings.
    at da (https://framerusercontent.com/sites/7G0ksK36xXPFscemgu4RmO/react.DpZn428N.mjs:6:4116)
    at Cp (https://framerusercontent.com/sites/7G0ksK36xXPFscemgu4RmO/react.DpZn428N.mjs:8:68430)
    at tc (https://framerusercontent.com/sites/7G0ksK36xXPFscemgu4RmO/react.DpZn428N.mjs:8:37085)
    at ec (https://framerusercontent.com/sites/7G0ksK36xXPFscemgu4RmO/react.DpZn428N.mjs:8:37058)
    at zs (https://framerusercontent.com/sites/7G0ksK36xXPFscemgu4RmO/react.DpZn428N.mjs:8:32142)
    at wt (https://framerusercontent.com/sites/7G0ksK36xXPFscemgu4RmO/react.DpZn428N.mjs:1:10670)
    at MessagePort.Et (https://framerusercontent.com/sites/7G0ksK36xXPFscemgu4RmO/react.DpZn428N.mjs:1:11025) 
    at div
    at https://framerusercontent.com/sites/7G0ksK36xXPFscemgu4RmO/framer.CI_NJ3zy.mjs:1035:444
    at https://framerusercontent.com/sites/7G0ksK36xXPFscemgu4RmO/framer.CI_NJ3zy.mjs:1033:30142
    at div
    at o (https://framerusercontent.com/sites/7G0ksK36xXPFscemgu4RmO/motion.BMOxqJ-6.mjs:9:7875)
    at mu (https://framerusercontent.com/sites/7G0ksK36xXPFscemgu4RmO/motion.BMOxqJ-6.mjs:9:86582)
    at https://framerusercontent.com/sites/7G0ksK36xXPFscemgu4RmO/w9C7zR3oAYVY1xMxrXQFDdPfJ7jbTT_zf1y7hInp3wk.D_mEbobP.mjs:32:17324
    at https://framerusercontent.com/sites/7G0ksK36xXPFscemgu4RmO/framer.CI_NJ3zy.mjs:1033:30142
    at https://framerusercontent.com/sites/7G0ksK36xXPFscemgu4RmO/framer.CI_NJ3zy.mjs:1:2006
    at div
    at o (https://framerusercontent.com/sites/7G0ksK36xXPFscemgu4RmO/motion.BMOxqJ-6.mjs:9:7875)
    at mu (https://framerusercontent.com/sites/7G0ksK36xXPFscemgu4RmO/motion.BMOxqJ-6.mjs:9:86582)
    at https://framerusercontent.com/sites/7G0ksK36xXPFscemgu4RmO/script_main.pLk-6UJn.mjs:78:42752
    at https://framerusercontent.com/sites/7G0ksK36xXPFscemgu4RmO/framer.CI_NJ3zy.mjs:1033:30142
    at https://framerusercontent.com/sites/7G0ksK36xXPFscemgu4RmO/framer.CI_NJ3zy.mjs:1044:9520
    at Suspense
    at vc (https://framerusercontent.com/sites/7G0ksK36xXPFscemgu4RmO/framer.CI_NJ3zy.mjs:46:63390)
    at al (https://framerusercontent.com/sites/7G0ksK36xXPFscemgu4RmO/framer.CI_NJ3zy.mjs:46:69722)
    at fa (https://framerusercontent.com/sites/7G0ksK36xXPFscemgu4RmO/script_main.pLk-6UJn.mjs:116:45969)
    at Ql (https://framerusercontent.com/sites/7G0ksK36xXPFscemgu4RmO/framer.CI_NJ3zy.mjs:46:85859)
    at mg (https://framerusercontent.com/sites/7G0ksK36xXPFscemgu4RmO/framer.CI_NJ3zy.mjs:107:5913)
    at Suspense
    at vc (https://framerusercontent.com/sites/7G0ksK36xXPFscemgu4RmO/framer.CI_NJ3zy.mjs:46:63390)
    at px (https://framerusercontent.com/sites/7G0ksK36xXPFscemgu4RmO/framer.CI_NJ3zy.mjs:1035:6056)
    at bt (https://framerusercontent.com/sites/7G0ksK36xXPFscemgu4RmO/framer.CI_NJ3zy.mjs:1:4193)
    at Zl (https://framerusercontent.com/sites/7G0ksK36xXPFscemgu4RmO/framer.CI_NJ3zy.mjs:46:81882)
    at https://framerusercontent.com/sites/7G0ksK36xXPFscemgu4RmO/framer.CI_NJ3zy.mjs:1042:2578
    at https://framerusercontent.com/sites/7G0ksK36xXPFscemgu4RmO/framer.CI_NJ3zy.mjs:1033:30142
    at BS (https://framerusercontent.com/sites/7G0ksK36xXPFscemgu4RmO/framer.CI_NJ3zy.mjs:1044:9289)
    at Wn (https://framerusercontent.com/sites/7G0ksK36xXPFscemgu4RmO/motion.BMOxqJ-6.mjs:9:1414)
    at cu (https://framerusercontent.com/sites/7G0ksK36xXPFscemgu4RmO/framer.CI_NJ3zy.mjs:46:87122)
    at Ux (https://framerusercontent.com/sites/7G0ksK36xXPFscemgu4RmO/framer.CI_NJ3zy.mjs:1042:6093)
    at cn (https://framerusercontent.com/sites/7G0ksK36xXPFscemgu4RmO/framer.CI_NJ3zy.mjs:1:10678) @ https://framerusercontent.com/sites/7G0ksK36xXPFscemgu4RmO/script_main.pLk-6UJn.mjs:115
[     877ms] [WARNING] Caught a recoverable error. The site is still functional, but might have some UI flickering or degraded page load performance. If you are the author of this website, update external components and check recently added custom code or code overrides to fix the following server/client mismatches:
 Error: Minified React error #418; visit https://reactjs.org/docs/error-decoder.html?invariant=418 for the full message or use the non-minified dev environment for full errors and additional helpful warnings.
    at da (https://framerusercontent.com/sites/7G0ksK36xXPFscemgu4RmO/react.DpZn428N.mjs:6:4116)
    at Cp (https://framerusercontent.com/sites/7G0ksK36xXPFscemgu4RmO/react.DpZn428N.mjs:8:68430)
    at tc (https://framerusercontent.com/sites/7G0ksK36xXPFscemgu4RmO/react.DpZn428N.mjs:8:37085)
    at ec (https://framerusercontent.com/sites/7G0ksK36xXPFscemgu4RmO/react.DpZn428N.mjs:8:37058)
    at zs (https://framerusercontent.com/sites/7G0ksK36xXPFscemgu4RmO/react.DpZn428N.mjs:8:32142)
    at wt (https://framerusercontent.com/sites/7G0ksK36xXPFscemgu4RmO/react.DpZn428N.mjs:1:10670)
    at MessagePort.Et (https://framerusercontent.com/sites/7G0ksK36xXPFscemgu4RmO/react.DpZn428N.mjs:1:11025) 
    at div
    at mu (https://framerusercontent.com/sites/7G0ksK36xXPFscemgu4RmO/motion.BMOxqJ-6.mjs:9:86582)
    at https://framerusercontent.com/sites/7G0ksK36xXPFscemgu4RmO/w9C7zR3oAYVY1xMxrXQFDdPfJ7jbTT_zf1y7hInp3wk.D_mEbobP.mjs:32:17324
    at https://framerusercontent.com/sites/7G0ksK36xXPFscemgu4RmO/framer.CI_NJ3zy.mjs:1033:30142
    at https://framerusercontent.com/sites/7G0ksK36xXPFscemgu4RmO/framer.CI_NJ3zy.mjs:1:2006
    at div
    at o (https://framerusercontent.com/sites/7G0ksK36xXPFscemgu4RmO/motion.BMOxqJ-6.mjs:9:7875)
    at mu (https://framerusercontent.com/sites/7G0ksK36xXPFscemgu4RmO/motion.BMOxqJ-6.mjs:9:86582)
    at https://framerusercontent.com/sites/7G0ksK36xXPFscemgu4RmO/script_main.pLk-6UJn.mjs:78:42752
    at https://framerusercontent.com/sites/7G0ksK36xXPFscemgu4RmO/framer.CI_NJ3zy.mjs:1033:30142
    at https://framerusercontent.com/sites/7G0ksK36xXPFscemgu4RmO/framer.CI_NJ3zy.mjs:1044:9520
    at Suspense
    at vc (https://framerusercontent.com/sites/7G0ksK36xXPFscemgu4RmO/framer.CI_NJ3zy.mjs:46:63390)
    at al (https://framerusercontent.com/sites/7G0ksK36xXPFscemgu4RmO/framer.CI_NJ3zy.mjs:46:69722)
    at fa (https://framerusercontent.com/sites/7G0ksK36xXPFscemgu4RmO/script_main.pLk-6UJn.mjs:116:45969)
    at Ql (https://framerusercontent.com/sites/7G0ksK36xXPFscemgu4RmO/framer.CI_NJ3zy.mjs:46:85859)
    at mg (https://framerusercontent.com/sites/7G0ksK36xXPFscemgu4RmO/framer.CI_NJ3zy.mjs:107:5913)
    at Suspense
    at vc (https://framerusercontent.com/sites/7G0ksK36xXPFscemgu4RmO/framer.CI_NJ3zy.mjs:46:63390)
    at px (https://framerusercontent.com/sites/7G0ksK36xXPFscemgu4RmO/framer.CI_NJ3zy.mjs:1035:6056)
    at bt (https://framerusercontent.com/sites/7G0ksK36xXPFscemgu4RmO/framer.CI_NJ3zy.mjs:1:4193)
    at Zl (https://framerusercontent.com/sites/7G0ksK36xXPFscemgu4RmO/framer.CI_NJ3zy.mjs:46:81882)
    at https://framerusercontent.com/sites/7G0ksK36xXPFscemgu4RmO/framer.CI_NJ3zy.mjs:1042:2578
    at https://framerusercontent.com/sites/7G0ksK36xXPFscemgu4RmO/framer.CI_NJ3zy.mjs:1033:30142
    at BS (https://framerusercontent.com/sites/7G0ksK36xXPFscemgu4RmO/framer.CI_NJ3zy.mjs:1044:9289)
    at Wn (https://framerusercontent.com/sites/7G0ksK36xXPFscemgu4RmO/motion.BMOxqJ-6.mjs:9:1414)
    at cu (https://framerusercontent.com/sites/7G0ksK36xXPFscemgu4RmO/framer.CI_NJ3zy.mjs:46:87122)
    at Ux (https://framerusercontent.com/sites/7G0ksK36xXPFscemgu4RmO/framer.CI_NJ3zy.mjs:1042:6093)
    at cn (https://framerusercontent.com/sites/7G0ksK36xXPFscemgu4RmO/framer.CI_NJ3zy.mjs:1:10678) @ https://framerusercontent.com/sites/7G0ksK36xXPFscemgu4RmO/script_main.pLk-6UJn.mjs:115
[     877ms] [WARNING] Caught a recoverable error. The site is still functional, but might have some UI flickering or degraded page load performance. If you are the author of this website, update external components and check recently added custom code or code overrides to fix the following server/client mismatches:
 Error: Minified React error #418; visit https://reactjs.org/docs/error-decoder.html?invariant=418 for the full message or use the non-minified dev environment for full errors and additional helpful warnings.
    at da (https://framerusercontent.com/sites/7G0ksK36xXPFscemgu4RmO/react.DpZn428N.mjs:6:4116)
    at Cp (https://framerusercontent.com/sites/7G0ksK36xXPFscemgu4RmO/react.DpZn428N.mjs:8:68430)
    at tc (https://framerusercontent.com/sites/7G0ksK36xXPFscemgu4RmO/react.DpZn428N.mjs:8:37085)
    at ec (https://framerusercontent.com/sites/7G0ksK36xXPFscemgu4RmO/react.DpZn428N.mjs:8:37058)
    at zs (https://framerusercontent.com/sites/7G0ksK36xXPFscemgu4RmO/react.DpZn428N.mjs:8:32142)
    at wt (https://framerusercontent.com/sites/7G0ksK36xXPFscemgu4RmO/react.DpZn428N.mjs:1:10670)
    at MessagePort.Et (https://framerusercontent.com/sites/7G0ksK36xXPFscemgu4RmO/react.DpZn428N.mjs:1:11025) 
    at div
    at div
    at o (https://framerusercontent.com/sites/7G0ksK36xXPFscemgu4RmO/motion.BMOxqJ-6.mjs:9:7875)
    at mu (https://framerusercontent.com/sites/7G0ksK36xXPFscemgu4RmO/motion.BMOxqJ-6.mjs:9:86582)
    at https://framerusercontent.com/sites/7G0ksK36xXPFscemgu4RmO/script_main.pLk-6UJn.mjs:78:42752
    at https://framerusercontent.com/sites/7G0ksK36xXPFscemgu4RmO/framer.CI_NJ3zy.mjs:1033:30142
    at https://framerusercontent.com/sites/7G0ksK36xXPFscemgu4RmO/framer.CI_NJ3zy.mjs:1044:9520
    at Suspense
    at vc (https://framerusercontent.com/sites/7G0ksK36xXPFscemgu4RmO/framer.CI_NJ3zy.mjs:46:63390)
    at al (https://framerusercontent.com/sites/7G0ksK36xXPFscemgu4RmO/framer.CI_NJ3zy.mjs:46:69722)
    at fa (https://framerusercontent.com/sites/7G0ksK36xXPFscemgu4RmO/script_main.pLk-6UJn.mjs:116:45969)
    at Ql (https://framerusercontent.com/sites/7G0ksK36xXPFscemgu4RmO/framer.CI_NJ3zy.mjs:46:85859)
    at mg (https://framerusercontent.com/sites/7G0ksK36xXPFscemgu4RmO/framer.CI_NJ3zy.mjs:107:5913)
    at Suspense
    at vc (https://framerusercontent.com/sites/7G0ksK36xXPFscemgu4RmO/framer.CI_NJ3zy.mjs:46:63390)
    at px (https://framerusercontent.com/sites/7G0ksK36xXPFscemgu4RmO/framer.CI_NJ3zy.mjs:1035:6056)
    at bt (https://framerusercontent.com/sites/7G0ksK36xXPFscemgu4RmO/framer.CI_NJ3zy.mjs:1:4193)
    at Zl (https://framerusercontent.com/sites/7G0ksK36xXPFscemgu4RmO/framer.CI_NJ3zy.mjs:46:81882)
    at https://framerusercontent.com/sites/7G0ksK36xXPFscemgu4RmO/framer.CI_NJ3zy.mjs:1042:2578
    at https://framerusercontent.com/sites/7G0ksK36xXPFscemgu4RmO/framer.CI_NJ3zy.mjs:1033:30142
    at BS (https://framerusercontent.com/sites/7G0ksK36xXPFscemgu4RmO/framer.CI_NJ3zy.mjs:1044:9289)
    at Wn (https://framerusercontent.com/sites/7G0ksK36xXPFscemgu4RmO/motion.BMOxqJ-6.mjs:9:1414)
    at cu (https://framerusercontent.com/sites/7G0ksK36xXPFscemgu4RmO/framer.CI_NJ3zy.mjs:46:87122)
    at Ux (https://framerusercontent.com/sites/7G0ksK36xXPFscemgu4RmO/framer.CI_NJ3zy.mjs:1042:6093)
    at cn (https://framerusercontent.com/sites/7G0ksK36xXPFscemgu4RmO/framer.CI_NJ3zy.mjs:1:10678) @ https://framerusercontent.com/sites/7G0ksK36xXPFscemgu4RmO/script_main.pLk-6UJn.mjs:115
[     877ms] [WARNING] Caught a recoverable error. The site is still functional, but might have some UI flickering or degraded page load performance. If you are the author of this website, update external components and check recently added custom code or code overrides to fix the following server/client mismatches:
 Error: Minified React error #418; visit https://reactjs.org/docs/error-decoder.html?invariant=418 for the full message or use the non-minified dev environment for full errors and additional helpful warnings.
    at da (https://framerusercontent.com/sites/7G0ksK36xXPFscemgu4RmO/react.DpZn428N.mjs:6:4116)
    at Cp (https://framerusercontent.com/sites/7G0ksK36xXPFscemgu4RmO/react.DpZn428N.mjs:8:68430)
    at tc (https://framerusercontent.com/sites/7G0ksK36xXPFscemgu4RmO/react.DpZn428N.mjs:8:37085)
    at ec (https://framerusercontent.com/sites/7G0ksK36xXPFscemgu4RmO/react.DpZn428N.mjs:8:37058)
    at zs (https://framerusercontent.com/sites/7G0ksK36xXPFscemgu4RmO/react.DpZn428N.mjs:8:32142)
    at wt (https://framerusercontent.com/sites/7G0ksK36xXPFscemgu4RmO/react.DpZn428N.mjs:1:10670)
    at MessagePort.Et (https://framerusercontent.com/sites/7G0ksK36xXPFscemgu4RmO/react.DpZn428N.mjs:1:11025) 
    at div
    at https://framerusercontent.com/sites/7G0ksK36xXPFscemgu4RmO/framer.CI_NJ3zy.mjs:1035:444
    at https://framerusercontent.com/sites/7G0ksK36xXPFscemgu4RmO/framer.CI_NJ3zy.mjs:1033:30142
    at div
    at o (https://framerusercontent.com/sites/7G0ksK36xXPFscemgu4RmO/motion.BMOxqJ-6.mjs:9:7875)
    at mu (https://framerusercontent.com/sites/7G0ksK36xXPFscemgu4RmO/motion.BMOxqJ-6.mjs:9:86582)
    at https://framerusercontent.com/sites/7G0ksK36xXPFscemgu4RmO/script_main.pLk-6UJn.mjs:78:42752
    at https://framerusercontent.com/sites/7G0ksK36xXPFscemgu4RmO/framer.CI_NJ3zy.mjs:1033:30142
    at https://framerusercontent.com/sites/7G0ksK36xXPFscemgu4RmO/framer.CI_NJ3zy.mjs:1044:9520
    at Suspense
    at vc (https://framerusercontent.com/sites/7G0ksK36xXPFscemgu4RmO/framer.CI_NJ3zy.mjs:46:63390)
    at al (https://framerusercontent.com/sites/7G0ksK36xXPFscemgu4RmO/framer.CI_NJ3zy.mjs:46:69722)
    at fa (https://framerusercontent.com/sites/7G0ksK36xXPFscemgu4RmO/script_main.pLk-6UJn.mjs:116:45969)
    at Ql (https://framerusercontent.com/sites/7G0ksK36xXPFscemgu4RmO/framer.CI_NJ3zy.mjs:46:85859)
    at mg (https://framerusercontent.com/sites/7G0ksK36xXPFscemgu4RmO/framer.CI_NJ3zy.mjs:107:5913)
    at Suspense
    at vc (https://framerusercontent.com/sites/7G0ksK36xXPFscemgu4RmO/framer.CI_NJ3zy.mjs:46:63390)
    at px (https://framerusercontent.com/sites/7G0ksK36xXPFscemgu4RmO/framer.CI_NJ3zy.mjs:1035:6056)
    at bt (https://framerusercontent.com/sites/7G0ksK36xXPFscemgu4RmO/framer.CI_NJ3zy.mjs:1:4193)
    at Zl (https://framerusercontent.com/sites/7G0ksK36xXPFscemgu4RmO/framer.CI_NJ3zy.mjs:46:81882)
    at https://framerusercontent.com/sites/7G0ksK36xXPFscemgu4RmO/framer.CI_NJ3zy.mjs:1042:2578
    at https://framerusercontent.com/sites/7G0ksK36xXPFscemgu4RmO/framer.CI_NJ3zy.mjs:1033:30142
    at BS (https://framerusercontent.com/sites/7G0ksK36xXPFscemgu4RmO/framer.CI_NJ3zy.mjs:1044:9289)
    at Wn (https://framerusercontent.com/sites/7G0ksK36xXPFscemgu4RmO/motion.BMOxqJ-6.mjs:9:1414)
    at cu (https://framerusercontent.com/sites/7G0ksK36xXPFscemgu4RmO/framer.CI_NJ3zy.mjs:46:87122)
    at Ux (https://framerusercontent.com/sites/7G0ksK36xXPFscemgu4RmO/framer.CI_NJ3zy.mjs:1042:6093)
    at cn (https://framerusercontent.com/sites/7G0ksK36xXPFscemgu4RmO/framer.CI_NJ3zy.mjs:1:10678) @ https://framerusercontent.com/sites/7G0ksK36xXPFscemgu4RmO/script_main.pLk-6UJn.mjs:115
[     877ms] [WARNING] Caught a recoverable error. The site is still functional, but might have some UI flickering or degraded page load performance. If you are the author of this website, update external components and check recently added custom code or code overrides to fix the following server/client mismatches:
 Error: Minified React error #418; visit https://reactjs.org/docs/error-decoder.html?invariant=418 for the full message or use the non-minified dev environment for full errors and additional helpful warnings.
    at da (https://framerusercontent.com/sites/7G0ksK36xXPFscemgu4RmO/react.DpZn428N.mjs:6:4116)
    at Cp (https://framerusercontent.com/sites/7G0ksK36xXPFscemgu4RmO/react.DpZn428N.mjs:8:68430)
    at tc (https://framerusercontent.com/sites/7G0ksK36xXPFscemgu4RmO/react.DpZn428N.mjs:8:37085)
    at ec (https://framerusercontent.com/sites/7G0ksK36xXPFscemgu4RmO/react.DpZn428N.mjs:8:37058)
    at zs (https://framerusercontent.com/sites/7G0ksK36xXPFscemgu4RmO/react.DpZn428N.mjs:8:32142)
    at wt (https://framerusercontent.com/sites/7G0ksK36xXPFscemgu4RmO/react.DpZn428N.mjs:1:10670)
    at MessagePort.Et (https://framerusercontent.com/sites/7G0ksK36xXPFscemgu4RmO/react.DpZn428N.mjs:1:11025) 
    at div
    at mu (https://framerusercontent.com/sites/7G0ksK36xXPFscemgu4RmO/motion.BMOxqJ-6.mjs:9:86582)
    at https://framerusercontent.com/sites/7G0ksK36xXPFscemgu4RmO/script_main.pLk-6UJn.mjs:78:42752
    at https://framerusercontent.com/sites/7G0ksK36xXPFscemgu4RmO/framer.CI_NJ3zy.mjs:1033:30142
    at https://framerusercontent.com/sites/7G0ksK36xXPFscemgu4RmO/framer.CI_NJ3zy.mjs:1044:9520
    at Suspense
    at vc (https://framerusercontent.com/sites/7G0ksK36xXPFscemgu4RmO/framer.CI_NJ3zy.mjs:46:63390)
    at al (https://framerusercontent.com/sites/7G0ksK36xXPFscemgu4RmO/framer.CI_NJ3zy.mjs:46:69722)
    at fa (https://framerusercontent.com/sites/7G0ksK36xXPFscemgu4RmO/script_main.pLk-6UJn.mjs:116:45969)
    at Ql (https://framerusercontent.com/sites/7G0ksK36xXPFscemgu4RmO/framer.CI_NJ3zy.mjs:46:85859)
    at mg (https://framerusercontent.com/sites/7G0ksK36xXPFscemgu4RmO/framer.CI_NJ3zy.mjs:107:5913)
    at Suspense
    at vc (https://framerusercontent.com/sites/7G0ksK36xXPFscemgu4RmO/framer.CI_NJ3zy.mjs:46:63390)
    at px (https://framerusercontent.com/sites/7G0ksK36xXPFscemgu4RmO/framer.CI_NJ3zy.mjs:1035:6056)
    at bt (https://framerusercontent.com/sites/7G0ksK36xXPFscemgu4RmO/framer.CI_NJ3zy.mjs:1:4193)
    at Zl (https://framerusercontent.com/sites/7G0ksK36xXPFscemgu4RmO/framer.CI_NJ3zy.mjs:46:81882)
    at https://framerusercontent.com/sites/7G0ksK36xXPFscemgu4RmO/framer.CI_NJ3zy.mjs:1042:2578
    at https://framerusercontent.com/sites/7G0ksK36xXPFscemgu4RmO/framer.CI_NJ3zy.mjs:1033:30142
    at BS (https://framerusercontent.com/sites/7G0ksK36xXPFscemgu4RmO/framer.CI_NJ3zy.mjs:1044:9289)
    at Wn (https://framerusercontent.com/sites/7G0ksK36xXPFscemgu4RmO/motion.BMOxqJ-6.mjs:9:1414)
    at cu (https://framerusercontent.com/sites/7G0ksK36xXPFscemgu4RmO/framer.CI_NJ3zy.mjs:46:87122)
    at Ux (https://framerusercontent.com/sites/7G0ksK36xXPFscemgu4RmO/framer.CI_NJ3zy.mjs:1042:6093)
    at cn (https://framerusercontent.com/sites/7G0ksK36xXPFscemgu4RmO/framer.CI_NJ3zy.mjs:1:10678) @ https://framerusercontent.com/sites/7G0ksK36xXPFscemgu4RmO/script_main.pLk-6UJn.mjs:115
[     877ms] [WARNING] Caught a recoverable error. The site is still functional, but might have some UI flickering or degraded page load performance. If you are the author of this website, update external components and check recently added custom code or code overrides to fix the following server/client mismatches:
 Error: Minified React error #422; visit https://reactjs.org/docs/error-decoder.html?invariant=422 for the full message or use the non-minified dev environment for full errors and additional helpful warnings.
    at ns (https://framerusercontent.com/sites/7G0ksK36xXPFscemgu4RmO/react.DpZn428N.mjs:8:8255)
    at $o (https://framerusercontent.com/sites/7G0ksK36xXPFscemgu4RmO/react.DpZn428N.mjs:8:7196)
    at Cp (https://framerusercontent.com/sites/7G0ksK36xXPFscemgu4RmO/react.DpZn428N.mjs:8:68632)
    at tc (https://framerusercontent.com/sites/7G0ksK36xXPFscemgu4RmO/react.DpZn428N.mjs:8:37085)
    at ec (https://framerusercontent.com/sites/7G0ksK36xXPFscemgu4RmO/react.DpZn428N.mjs:8:37058)
    at zs (https://framerusercontent.com/sites/7G0ksK36xXPFscemgu4RmO/react.DpZn428N.mjs:8:32142)
    at wt (https://framerusercontent.com/sites/7G0ksK36xXPFscemgu4RmO/react.DpZn428N.mjs:1:10670)
    at MessagePort.Et (https://framerusercontent.com/sites/7G0ksK36xXPFscemgu4RmO/react.DpZn428N.mjs:1:11025) null @ https://framerusercontent.com/sites/7G0ksK36xXPFscemgu4RmO/script_main.pLk-6UJn.mjs:115
[     891ms] [LOG] Made with ❤️ by www.kuartz.studio @ https://framerusercontent.com/sites/7G0ksK36xXPFscemgu4RmO/script_main.pLk-6UJn.mjs:1
[    4584ms] [LOG] [Framer On-Page Editing] Unavailable because not on a `framer.app` subdomain and access status is no-auth @ https://app.framerstatic.com/editorbar.W473LXOF.mjs:0
